{"/Users/zachholt/Documents/code_projects/nightout/nightout-frontend/expo-env.d.ts": {"path":"/Users/zachholt/Documents/code_projects/nightout/nightout-frontend/expo-env.d.ts","statementMap":{},"fnMap":{},"branchMap":{},"s":{},"f":{},"b":{}}
,"/Users/zachholt/Documents/code_projects/nightout/nightout-frontend/.expo/types/router.d.ts": {"path":"/Users/zachholt/Documents/code_projects/nightout/nightout-frontend/.expo/types/router.d.ts","statementMap":{},"fnMap":{},"branchMap":{},"s":{},"f":{},"b":{}}
,"/Users/zachholt/Documents/code_projects/nightout/nightout-frontend/app/+not-found.tsx": {"path":"/Users/zachholt/Documents/code_projects/nightout/nightout-frontend/app/+not-found.tsx","statementMap":{"0":{"start":{"line":8,"column":2},"end":{"line":18,"column":4}},"1":{"start":{"line":21,"column":15},"end":{"line":32,"column":2}}},"fnMap":{"0":{"name":"NotFoundScreen","decl":{"start":{"line":7,"column":24},"end":{"line":7,"column":38}},"loc":{"start":{"line":7,"column":41},"end":{"line":19,"column":1}},"line":7}},"branchMap":{},"s":{"0":0,"1":0},"f":{"0":0},"b":{}}
,"/Users/zachholt/Documents/code_projects/nightout/nightout-frontend/app/_layout.tsx": {"path":"/Users/zachholt/Documents/code_projects/nightout/nightout-frontend/app/_layout.tsx","statementMap":{"0":{"start":{"line":20,"column":0},"end":{"line":20,"column":36}},"1":{"start":{"line":24,"column":24},"end":{"line":24,"column":33}},"2":{"start":{"line":25,"column":22},"end":{"line":25,"column":38}},"3":{"start":{"line":28,"column":2},"end":{"line":44,"column":4}},"4":{"start":{"line":48,"column":22},"end":{"line":48,"column":38}},"5":{"start":{"line":49,"column":26},"end":{"line":49,"column":38}},"6":{"start":{"line":51,"column":2},"end":{"line":53,"column":14}},"7":{"start":{"line":52,"column":4},"end":{"line":52,"column":27}},"8":{"start":{"line":52,"column":15},"end":{"line":52,"column":27}},"9":{"start":{"line":55,"column":2},"end":{"line":59,"column":15}},"10":{"start":{"line":56,"column":4},"end":{"line":58,"column":5}},"11":{"start":{"line":57,"column":6},"end":{"line":57,"column":31}},"12":{"start":{"line":61,"column":2},"end":{"line":67,"column":3}},"13":{"start":{"line":62,"column":4},"end":{"line":66,"column":6}},"14":{"start":{"line":69,"column":2},"end":{"line":85,"column":4}},"15":{"start":{"line":88,"column":15},"end":{"line":94,"column":2}}},"fnMap":{"0":{"name":"AppContent","decl":{"start":{"line":23,"column":9},"end":{"line":23,"column":19}},"loc":{"start":{"line":23,"column":22},"end":{"line":45,"column":1}},"line":23},"1":{"name":"RootLayout","decl":{"start":{"line":47,"column":24},"end":{"line":47,"column":34}},"loc":{"start":{"line":47,"column":37},"end":{"line":86,"column":1}},"line":47},"2":{"name":"(anonymous_2)","decl":{"start":{"line":51,"column":12},"end":{"line":51,"column":13}},"loc":{"start":{"line":51,"column":18},"end":{"line":53,"column":3}},"line":51},"3":{"name":"(anonymous_3)","decl":{"start":{"line":55,"column":12},"end":{"line":55,"column":13}},"loc":{"start":{"line":55,"column":18},"end":{"line":59,"column":3}},"line":55}},"branchMap":{"0":{"loc":{"start":{"line":29,"column":26},"end":{"line":29,"column":75}},"type":"cond-expr","locations":[{"start":{"line":29,"column":51},"end":{"line":29,"column":60}},{"start":{"line":29,"column":63},"end":{"line":29,"column":75}}],"line":29},"1":{"loc":{"start":{"line":30,"column":7},"end":{"line":42,"column":7}},"type":"cond-expr","locations":[{"start":{"line":31,"column":8},"end":{"line":33,"column":15}},{"start":{"line":35,"column":8},"end":{"line":41,"column":11}}],"line":30},"2":{"loc":{"start":{"line":52,"column":4},"end":{"line":52,"column":27}},"type":"if","locations":[{"start":{"line":52,"column":4},"end":{"line":52,"column":27}},{"start":{},"end":{}}],"line":52},"3":{"loc":{"start":{"line":56,"column":4},"end":{"line":58,"column":5}},"type":"if","locations":[{"start":{"line":56,"column":4},"end":{"line":58,"column":5}},{"start":{},"end":{}}],"line":56},"4":{"loc":{"start":{"line":61,"column":2},"end":{"line":67,"column":3}},"type":"if","locations":[{"start":{"line":61,"column":2},"end":{"line":67,"column":3}},{"start":{},"end":{}}],"line":61},"5":{"loc":{"start":{"line":72,"column":30},"end":{"line":72,"column":79}},"type":"cond-expr","locations":[{"start":{"line":72,"column":55},"end":{"line":72,"column":64}},{"start":{"line":72,"column":67},"end":{"line":72,"column":79}}],"line":72}},"s":{"0":0,"1":0,"2":0,"3":0,"4":0,"5":0,"6":0,"7":0,"8":0,"9":0,"10":0,"11":0,"12":0,"13":0,"14":0,"15":0},"f":{"0":0,"1":0,"2":0,"3":0},"b":{"0":[0,0],"1":[0,0],"2":[0,0],"3":[0,0],"4":[0,0],"5":[0,0]}}
,"/Users/zachholt/Documents/code_projects/nightout/nightout-frontend/app/favorites.tsx": {"path":"/Users/zachholt/Documents/code_projects/nightout/nightout-frontend/app/favorites.tsx","statementMap":{"0":{"start":{"line":10,"column":22},"end":{"line":10,"column":38}},"1":{"start":{"line":11,"column":17},"end":{"line":11,"column":39}},"2":{"start":{"line":12,"column":24},"end":{"line":12,"column":37}},"3":{"start":{"line":13,"column":19},"end":{"line":13,"column":28}},"4":{"start":{"line":14,"column":17},"end":{"line":14,"column":28}},"5":{"start":{"line":16,"column":2},"end":{"line":72,"column":4}},"6":{"start":{"line":48,"column":14},"end":{"line":66,"column":16}},"7":{"start":{"line":61,"column":18},"end":{"line":64,"column":21}},"8":{"start":{"line":75,"column":15},"end":{"line":95,"column":2}}},"fnMap":{"0":{"name":"FavoritesScreen","decl":{"start":{"line":9,"column":24},"end":{"line":9,"column":39}},"loc":{"start":{"line":9,"column":42},"end":{"line":73,"column":1}},"line":9},"1":{"name":"(anonymous_1)","decl":{"start":{"line":47,"column":27},"end":{"line":47,"column":28}},"loc":{"start":{"line":48,"column":14},"end":{"line":66,"column":16}},"line":48},"2":{"name":"(anonymous_2)","decl":{"start":{"line":59,"column":25},"end":{"line":59,"column":26}},"loc":{"start":{"line":59,"column":31},"end":{"line":65,"column":17}},"line":59}},"branchMap":{"0":{"loc":{"start":{"line":22,"column":29},"end":{"line":22,"column":59}},"type":"cond-expr","locations":[{"start":{"line":22,"column":38},"end":{"line":22,"column":47}},{"start":{"line":22,"column":50},"end":{"line":22,"column":59}}],"line":22},"1":{"loc":{"start":{"line":24,"column":27},"end":{"line":24,"column":57}},"type":"cond-expr","locations":[{"start":{"line":24,"column":36},"end":{"line":24,"column":45}},{"start":{"line":24,"column":48},"end":{"line":24,"column":57}}],"line":24},"2":{"loc":{"start":{"line":31,"column":27},"end":{"line":31,"column":57}},"type":"cond-expr","locations":[{"start":{"line":31,"column":36},"end":{"line":31,"column":45}},{"start":{"line":31,"column":48},"end":{"line":31,"column":57}}],"line":31},"3":{"loc":{"start":{"line":33,"column":9},"end":{"line":69,"column":9}},"type":"cond-expr","locations":[{"start":{"line":34,"column":10},"end":{"line":41,"column":17}},{"start":{"line":43,"column":10},"end":{"line":68,"column":23}}],"line":33},"4":{"loc":{"start":{"line":37,"column":23},"end":{"line":37,"column":53}},"type":"cond-expr","locations":[{"start":{"line":37,"column":32},"end":{"line":37,"column":41}},{"start":{"line":37,"column":44},"end":{"line":37,"column":53}}],"line":37}},"s":{"0":0,"1":0,"2":0,"3":0,"4":0,"5":0,"6":0,"7":0,"8":0},"f":{"0":0,"1":0,"2":0},"b":{"0":[0,0],"1":[0,0],"2":[0,0],"3":[0,0],"4":[0,0]}}
,"/Users/zachholt/Documents/code_projects/nightout/nightout-frontend/app/(tabs)/_layout.tsx": {"path":"/Users/zachholt/Documents/code_projects/nightout/nightout-frontend/app/(tabs)/_layout.tsx","statementMap":{"0":{"start":{"line":7,"column":22},"end":{"line":7,"column":38}},"1":{"start":{"line":9,"column":2},"end":{"line":57,"column":4}},"2":{"start":{"line":24,"column":14},"end":{"line":24,"column":63}},"3":{"start":{"line":33,"column":14},"end":{"line":33,"column":68}},"4":{"start":{"line":42,"column":14},"end":{"line":42,"column":79}},"5":{"start":{"line":51,"column":14},"end":{"line":51,"column":66}}},"fnMap":{"0":{"name":"TabLayout","decl":{"start":{"line":6,"column":24},"end":{"line":6,"column":33}},"loc":{"start":{"line":6,"column":36},"end":{"line":58,"column":1}},"line":6},"1":{"name":"(anonymous_1)","decl":{"start":{"line":23,"column":24},"end":{"line":23,"column":25}},"loc":{"start":{"line":24,"column":14},"end":{"line":24,"column":63}},"line":24},"2":{"name":"(anonymous_2)","decl":{"start":{"line":32,"column":24},"end":{"line":32,"column":25}},"loc":{"start":{"line":33,"column":14},"end":{"line":33,"column":68}},"line":33},"3":{"name":"(anonymous_3)","decl":{"start":{"line":41,"column":24},"end":{"line":41,"column":25}},"loc":{"start":{"line":42,"column":14},"end":{"line":42,"column":79}},"line":42},"4":{"name":"(anonymous_4)","decl":{"start":{"line":50,"column":24},"end":{"line":50,"column":25}},"loc":{"start":{"line":51,"column":14},"end":{"line":51,"column":66}},"line":51}},"branchMap":{"0":{"loc":{"start":{"line":15,"column":29},"end":{"line":15,"column":75}},"type":"cond-expr","locations":[{"start":{"line":15,"column":54},"end":{"line":15,"column":63}},{"start":{"line":15,"column":66},"end":{"line":15,"column":75}}],"line":15}},"s":{"0":0,"1":0,"2":0,"3":0,"4":0,"5":0},"f":{"0":0,"1":0,"2":0,"3":0,"4":0},"b":{"0":[0,0]}}
,"/Users/zachholt/Documents/code_projects/nightout/nightout-frontend/app/(tabs)/chat.tsx": {"path":"/Users/zachholt/Documents/code_projects/nightout/nightout-frontend/app/(tabs)/chat.tsx","statementMap":{"0":{"start":{"line":27,"column":22},"end":{"line":27,"column":38}},"1":{"start":{"line":28,"column":17},"end":{"line":28,"column":39}},"2":{"start":{"line":29,"column":17},"end":{"line":29,"column":36}},"3":{"start":{"line":30,"column":28},"end":{"line":30,"column":40}},"4":{"start":{"line":31,"column":34},"end":{"line":38,"column":4}},"5":{"start":{"line":39,"column":34},"end":{"line":39,"column":49}},"6":{"start":{"line":40,"column":24},"end":{"line":40,"column":48}},"7":{"start":{"line":43,"column":17},"end":{"line":56,"column":3}},"8":{"start":{"line":59,"column":27},"end":{"line":84,"column":3}},"9":{"start":{"line":60,"column":4},"end":{"line":60,"column":22}},"10":{"start":{"line":63,"column":4},"end":{"line":83,"column":13}},"11":{"start":{"line":64,"column":24},"end":{"line":70,"column":7}},"12":{"start":{"line":72,"column":29},"end":{"line":72,"column":84}},"13":{"start":{"line":74,"column":34},"end":{"line":79,"column":7}},"14":{"start":{"line":81,"column":6},"end":{"line":81,"column":65}},"15":{"start":{"line":81,"column":34},"end":{"line":81,"column":63}},"16":{"start":{"line":82,"column":6},"end":{"line":82,"column":25}},"17":{"start":{"line":87,"column":21},"end":{"line":105,"column":3}},"18":{"start":{"line":88,"column":4},"end":{"line":88,"column":36}},"19":{"start":{"line":88,"column":29},"end":{"line":88,"column":36}},"20":{"start":{"line":90,"column":32},"end":{"line":95,"column":5}},"21":{"start":{"line":97,"column":4},"end":{"line":97,"column":63}},"22":{"start":{"line":97,"column":32},"end":{"line":97,"column":61}},"23":{"start":{"line":98,"column":4},"end":{"line":98,"column":17}},"24":{"start":{"line":101,"column":4},"end":{"line":101,"column":28}},"25":{"start":{"line":104,"column":4},"end":{"line":104,"column":23}},"26":{"start":{"line":108,"column":2},"end":{"line":112,"column":27}},"27":{"start":{"line":109,"column":4},"end":{"line":111,"column":12}},"28":{"start":{"line":110,"column":6},"end":{"line":110,"column":61}},"29":{"start":{"line":115,"column":21},"end":{"line":117,"column":3}},"30":{"start":{"line":116,"column":4},"end":{"line":116,"column":79}},"31":{"start":{"line":119,"column":2},"end":{"line":207,"column":4}},"32":{"start":{"line":131,"column":10},"end":{"line":156,"column":17}},"33":{"start":{"line":210,"column":15},"end":{"line":276,"column":2}}},"fnMap":{"0":{"name":"ChatScreen","decl":{"start":{"line":26,"column":24},"end":{"line":26,"column":34}},"loc":{"start":{"line":26,"column":37},"end":{"line":208,"column":1}},"line":26},"1":{"name":"(anonymous_1)","decl":{"start":{"line":59,"column":27},"end":{"line":59,"column":28}},"loc":{"start":{"line":59,"column":52},"end":{"line":84,"column":3}},"line":59},"2":{"name":"(anonymous_2)","decl":{"start":{"line":63,"column":15},"end":{"line":63,"column":16}},"loc":{"start":{"line":63,"column":21},"end":{"line":83,"column":5}},"line":63},"3":{"name":"(anonymous_3)","decl":{"start":{"line":81,"column":18},"end":{"line":81,"column":19}},"loc":{"start":{"line":81,"column":34},"end":{"line":81,"column":63}},"line":81},"4":{"name":"(anonymous_4)","decl":{"start":{"line":87,"column":21},"end":{"line":87,"column":22}},"loc":{"start":{"line":87,"column":27},"end":{"line":105,"column":3}},"line":87},"5":{"name":"(anonymous_5)","decl":{"start":{"line":97,"column":16},"end":{"line":97,"column":17}},"loc":{"start":{"line":97,"column":32},"end":{"line":97,"column":61}},"line":97},"6":{"name":"(anonymous_6)","decl":{"start":{"line":108,"column":12},"end":{"line":108,"column":13}},"loc":{"start":{"line":108,"column":18},"end":{"line":112,"column":3}},"line":108},"7":{"name":"(anonymous_7)","decl":{"start":{"line":109,"column":15},"end":{"line":109,"column":16}},"loc":{"start":{"line":109,"column":21},"end":{"line":111,"column":5}},"line":109},"8":{"name":"(anonymous_8)","decl":{"start":{"line":115,"column":21},"end":{"line":115,"column":22}},"loc":{"start":{"line":115,"column":37},"end":{"line":117,"column":3}},"line":115},"9":{"name":"(anonymous_9)","decl":{"start":{"line":130,"column":22},"end":{"line":130,"column":23}},"loc":{"start":{"line":131,"column":10},"end":{"line":156,"column":17}},"line":131}},"branchMap":{"0":{"loc":{"start":{"line":44,"column":16},"end":{"line":44,"column":46}},"type":"cond-expr","locations":[{"start":{"line":44,"column":25},"end":{"line":44,"column":34}},{"start":{"line":44,"column":37},"end":{"line":44,"column":46}}],"line":44},"1":{"loc":{"start":{"line":45,"column":20},"end":{"line":45,"column":50}},"type":"cond-expr","locations":[{"start":{"line":45,"column":29},"end":{"line":45,"column":38}},{"start":{"line":45,"column":41},"end":{"line":45,"column":50}}],"line":45},"2":{"loc":{"start":{"line":47,"column":14},"end":{"line":47,"column":44}},"type":"cond-expr","locations":[{"start":{"line":47,"column":23},"end":{"line":47,"column":32}},{"start":{"line":47,"column":35},"end":{"line":47,"column":44}}],"line":47},"3":{"loc":{"start":{"line":48,"column":10},"end":{"line":48,"column":40}},"type":"cond-expr","locations":[{"start":{"line":48,"column":19},"end":{"line":48,"column":28}},{"start":{"line":48,"column":31},"end":{"line":48,"column":40}}],"line":48},"4":{"loc":{"start":{"line":50,"column":12},"end":{"line":50,"column":42}},"type":"cond-expr","locations":[{"start":{"line":50,"column":21},"end":{"line":50,"column":30}},{"start":{"line":50,"column":33},"end":{"line":50,"column":42}}],"line":50},"5":{"loc":{"start":{"line":51,"column":21},"end":{"line":51,"column":51}},"type":"cond-expr","locations":[{"start":{"line":51,"column":30},"end":{"line":51,"column":39}},{"start":{"line":51,"column":42},"end":{"line":51,"column":51}}],"line":51},"6":{"loc":{"start":{"line":52,"column":17},"end":{"line":52,"column":47}},"type":"cond-expr","locations":[{"start":{"line":52,"column":26},"end":{"line":52,"column":35}},{"start":{"line":52,"column":38},"end":{"line":52,"column":47}}],"line":52},"7":{"loc":{"start":{"line":53,"column":21},"end":{"line":53,"column":51}},"type":"cond-expr","locations":[{"start":{"line":53,"column":30},"end":{"line":53,"column":39}},{"start":{"line":53,"column":42},"end":{"line":53,"column":51}}],"line":53},"8":{"loc":{"start":{"line":55,"column":15},"end":{"line":55,"column":45}},"type":"cond-expr","locations":[{"start":{"line":55,"column":24},"end":{"line":55,"column":33}},{"start":{"line":55,"column":36},"end":{"line":55,"column":45}}],"line":55},"9":{"loc":{"start":{"line":88,"column":4},"end":{"line":88,"column":36}},"type":"if","locations":[{"start":{"line":88,"column":4},"end":{"line":88,"column":36}},{"start":{},"end":{}}],"line":88},"10":{"loc":{"start":{"line":122,"column":16},"end":{"line":122,"column":60}},"type":"cond-expr","locations":[{"start":{"line":122,"column":40},"end":{"line":122,"column":49}},{"start":{"line":122,"column":52},"end":{"line":122,"column":60}}],"line":122},"11":{"loc":{"start":{"line":123,"column":30},"end":{"line":123,"column":60}},"type":"cond-expr","locations":[{"start":{"line":123,"column":54},"end":{"line":123,"column":56}},{"start":{"line":123,"column":59},"end":{"line":123,"column":60}}],"line":123},"12":{"loc":{"start":{"line":135,"column":14},"end":{"line":137,"column":73}},"type":"cond-expr","locations":[{"start":{"line":136,"column":18},"end":{"line":136,"column":77}},{"start":{"line":137,"column":18},"end":{"line":137,"column":73}}],"line":135},"13":{"loc":{"start":{"line":143,"column":25},"end":{"line":143,"column":73}},"type":"cond-expr","locations":[{"start":{"line":143,"column":42},"end":{"line":143,"column":57}},{"start":{"line":143,"column":60},"end":{"line":143,"column":73}}],"line":143},"14":{"loc":{"start":{"line":151,"column":25},"end":{"line":151,"column":129}},"type":"cond-expr","locations":[{"start":{"line":151,"column":42},"end":{"line":151,"column":68}},{"start":{"line":151,"column":71},"end":{"line":151,"column":129}}],"line":151},"15":{"loc":{"start":{"line":151,"column":71},"end":{"line":151,"column":129}},"type":"cond-expr","locations":[{"start":{"line":151,"column":80},"end":{"line":151,"column":106}},{"start":{"line":151,"column":109},"end":{"line":151,"column":129}}],"line":151},"16":{"loc":{"start":{"line":159,"column":9},"end":{"line":164,"column":9}},"type":"binary-expr","locations":[{"start":{"line":159,"column":9},"end":{"line":159,"column":17}},{"start":{"line":160,"column":10},"end":{"line":163,"column":17}}],"line":159},"17":{"loc":{"start":{"line":161,"column":51},"end":{"line":161,"column":81}},"type":"cond-expr","locations":[{"start":{"line":161,"column":60},"end":{"line":161,"column":69}},{"start":{"line":161,"column":72},"end":{"line":161,"column":81}}],"line":161},"18":{"loc":{"start":{"line":198,"column":50},"end":{"line":198,"column":72}},"type":"cond-expr","locations":[{"start":{"line":198,"column":65},"end":{"line":198,"column":66}},{"start":{"line":198,"column":69},"end":{"line":198,"column":72}}],"line":198}},"s":{"0":0,"1":0,"2":0,"3":0,"4":0,"5":0,"6":0,"7":0,"8":0,"9":0,"10":0,"11":0,"12":0,"13":0,"14":0,"15":0,"16":0,"17":0,"18":0,"19":0,"20":0,"21":0,"22":0,"23":0,"24":0,"25":0,"26":0,"27":0,"28":0,"29":0,"30":0,"31":0,"32":0,"33":0},"f":{"0":0,"1":0,"2":0,"3":0,"4":0,"5":0,"6":0,"7":0,"8":0,"9":0},"b":{"0":[0,0],"1":[0,0],"2":[0,0],"3":[0,0],"4":[0,0],"5":[0,0],"6":[0,0],"7":[0,0],"8":[0,0],"9":[0,0],"10":[0,0],"11":[0,0],"12":[0,0],"13":[0,0],"14":[0,0],"15":[0,0],"16":[0,0],"17":[0,0],"18":[0,0]}}
,"/Users/zachholt/Documents/code_projects/nightout/nightout-frontend/app/(tabs)/index.tsx": {"path":"/Users/zachholt/Documents/code_projects/nightout/nightout-frontend/app/(tabs)/index.tsx","statementMap":{"0":{"start":{"line":28,"column":21},"end":{"line":28,"column":36}},"1":{"start":{"line":29,"column":22},"end":{"line":29,"column":38}},"2":{"start":{"line":30,"column":17},"end":{"line":30,"column":39}},"3":{"start":{"line":31,"column":17},"end":{"line":31,"column":38}},"4":{"start":{"line":32,"column":25},"end":{"line":32,"column":50}},"5":{"start":{"line":33,"column":56},"end":{"line":33,"column":66}},"6":{"start":{"line":36,"column":42},"end":{"line":36,"column":88}},"7":{"start":{"line":37,"column":30},"end":{"line":42,"column":4}},"8":{"start":{"line":43,"column":48},"end":{"line":43,"column":78}},"9":{"start":{"line":44,"column":52},"end":{"line":44,"column":82}},"10":{"start":{"line":45,"column":50},"end":{"line":45,"column":87}},"11":{"start":{"line":46,"column":36},"end":{"line":46,"column":51}},"12":{"start":{"line":47,"column":28},"end":{"line":47,"column":57}},"13":{"start":{"line":48,"column":32},"end":{"line":50,"column":4}},"14":{"start":{"line":51,"column":30},"end":{"line":51,"column":80}},"15":{"start":{"line":52,"column":50},"end":{"line":52,"column":61}},"16":{"start":{"line":55,"column":20},"end":{"line":57,"column":3}},"17":{"start":{"line":56,"column":4},"end":{"line":56,"column":61}},"18":{"start":{"line":56,"column":37},"end":{"line":56,"column":59}},"19":{"start":{"line":60,"column":21},"end":{"line":60,"column":60}},"20":{"start":{"line":60,"column":35},"end":{"line":60,"column":55}},"21":{"start":{"line":62,"column":29},"end":{"line":75,"column":20}},"22":{"start":{"line":63,"column":4},"end":{"line":63,"column":45}},"23":{"start":{"line":64,"column":4},"end":{"line":64,"column":31}},"24":{"start":{"line":66,"column":4},"end":{"line":74,"column":5}},"25":{"start":{"line":67,"column":29},"end":{"line":67,"column":53}},"26":{"start":{"line":68,"column":6},"end":{"line":73,"column":14}},"27":{"start":{"line":77,"column":23},"end":{"line":82,"column":8}},"28":{"start":{"line":78,"column":20},"end":{"line":78,"column":53}},"29":{"start":{"line":79,"column":4},"end":{"line":81,"column":5}},"30":{"start":{"line":80,"column":6},"end":{"line":80,"column":38}},"31":{"start":{"line":85,"column":2},"end":{"line":132,"column":9}},"32":{"start":{"line":86,"column":4},"end":{"line":131,"column":9}},"33":{"start":{"line":87,"column":25},"end":{"line":87,"column":75}},"34":{"start":{"line":88,"column":6},"end":{"line":91,"column":7}},"35":{"start":{"line":89,"column":8},"end":{"line":89,"column":61}},"36":{"start":{"line":90,"column":8},"end":{"line":90,"column":15}},"37":{"start":{"line":93,"column":6},"end":{"line":130,"column":7}},"38":{"start":{"line":94,"column":25},"end":{"line":94,"column":67}},"39":{"start":{"line":95,"column":8},"end":{"line":95,"column":34}},"40":{"start":{"line":97,"column":31},"end":{"line":97,"column":37}},"41":{"start":{"line":99,"column":8},"end":{"line":104,"column":11}},"42":{"start":{"line":106,"column":23},"end":{"line":111,"column":9}},"43":{"start":{"line":113,"column":38},"end":{"line":121,"column":11}},"44":{"start":{"line":113,"column":59},"end":{"line":121,"column":9}},"45":{"start":{"line":123,"column":8},"end":{"line":123,"column":84}},"46":{"start":{"line":123,"column":45},"end":{"line":123,"column":82}},"47":{"start":{"line":125,"column":8},"end":{"line":125,"column":50}},"48":{"start":{"line":126,"column":8},"end":{"line":126,"column":52}},"49":{"start":{"line":128,"column":8},"end":{"line":128,"column":56}},"50":{"start":{"line":129,"column":8},"end":{"line":129,"column":67}},"51":{"start":{"line":135,"column":2},"end":{"line":151,"column":41}},"52":{"start":{"line":136,"column":4},"end":{"line":136,"column":45}},"53":{"start":{"line":136,"column":38},"end":{"line":136,"column":45}},"54":{"start":{"line":138,"column":19},"end":{"line":138,"column":39}},"55":{"start":{"line":140,"column":4},"end":{"line":142,"column":5}},"56":{"start":{"line":141,"column":6},"end":{"line":141,"column":65}},"57":{"start":{"line":141,"column":45},"end":{"line":141,"column":63}},"58":{"start":{"line":144,"column":4},"end":{"line":148,"column":5}},"59":{"start":{"line":145,"column":6},"end":{"line":145,"column":69}},"60":{"start":{"line":145,"column":30},"end":{"line":145,"column":67}},"61":{"start":{"line":146,"column":11},"end":{"line":148,"column":5}},"62":{"start":{"line":147,"column":6},"end":{"line":147,"column":65}},"63":{"start":{"line":147,"column":30},"end":{"line":147,"column":63}},"64":{"start":{"line":150,"column":4},"end":{"line":150,"column":35}},"65":{"start":{"line":154,"column":30},"end":{"line":205,"column":3}},"66":{"start":{"line":155,"column":4},"end":{"line":155,"column":52}},"67":{"start":{"line":157,"column":4},"end":{"line":204,"column":5}},"68":{"start":{"line":158,"column":32},"end":{"line":158,"column":40}},"69":{"start":{"line":160,"column":6},"end":{"line":178,"column":7}},"70":{"start":{"line":161,"column":8},"end":{"line":161,"column":60}},"71":{"start":{"line":162,"column":24},"end":{"line":162,"column":70}},"72":{"start":{"line":164,"column":8},"end":{"line":177,"column":9}},"73":{"start":{"line":165,"column":10},"end":{"line":168,"column":12}},"74":{"start":{"line":170,"column":10},"end":{"line":172,"column":12}},"75":{"start":{"line":171,"column":12},"end":{"line":171,"column":90}},"76":{"start":{"line":171,"column":38},"end":{"line":171,"column":88}},"77":{"start":{"line":174,"column":10},"end":{"line":176,"column":12}},"78":{"start":{"line":175,"column":12},"end":{"line":175,"column":90}},"79":{"start":{"line":175,"column":38},"end":{"line":175,"column":88}},"80":{"start":{"line":180,"column":6},"end":{"line":180,"column":47}},"81":{"start":{"line":182,"column":6},"end":{"line":199,"column":7}},"82":{"start":{"line":183,"column":31},"end":{"line":183,"column":66}},"83":{"start":{"line":185,"column":26},"end":{"line":185,"column":106}},"84":{"start":{"line":186,"column":26},"end":{"line":186,"column":91}},"85":{"start":{"line":188,"column":25},"end":{"line":188,"column":98}},"86":{"start":{"line":189,"column":25},"end":{"line":189,"column":100}},"87":{"start":{"line":191,"column":25},"end":{"line":191,"column":29}},"88":{"start":{"line":193,"column":8},"end":{"line":198,"column":17}},"89":{"start":{"line":202,"column":6},"end":{"line":202,"column":60}},"90":{"start":{"line":203,"column":6},"end":{"line":203,"column":67}},"91":{"start":{"line":207,"column":30},"end":{"line":210,"column":3}},"92":{"start":{"line":208,"column":4},"end":{"line":208,"column":44}},"93":{"start":{"line":209,"column":4},"end":{"line":209,"column":30}},"94":{"start":{"line":212,"column":30},"end":{"line":214,"column":3}},"95":{"start":{"line":213,"column":4},"end":{"line":213,"column":27}},"96":{"start":{"line":216,"column":27},"end":{"line":218,"column":3}},"97":{"start":{"line":217,"column":4},"end":{"line":217,"column":25}},"98":{"start":{"line":221,"column":31},"end":{"line":232,"column":38}},"99":{"start":{"line":222,"column":4},"end":{"line":231,"column":5}},"100":{"start":{"line":223,"column":29},"end":{"line":223,"column":64}},"101":{"start":{"line":225,"column":6},"end":{"line":230,"column":15}},"102":{"start":{"line":234,"column":30},"end":{"line":255,"column":3}},"103":{"start":{"line":235,"column":4},"end":{"line":235,"column":69}},"104":{"start":{"line":235,"column":57},"end":{"line":235,"column":69}},"105":{"start":{"line":237,"column":37},"end":{"line":245,"column":6}},"106":{"start":{"line":238,"column":23},"end":{"line":243,"column":7}},"107":{"start":{"line":244,"column":6},"end":{"line":244,"column":36}},"108":{"start":{"line":247,"column":4},"end":{"line":247,"column":69}},"109":{"start":{"line":247,"column":44},"end":{"line":247,"column":67}},"110":{"start":{"line":249,"column":20},"end":{"line":249,"column":47}},"111":{"start":{"line":250,"column":4},"end":{"line":252,"column":5}},"112":{"start":{"line":251,"column":6},"end":{"line":251,"column":30}},"113":{"start":{"line":254,"column":4},"end":{"line":254,"column":16}},"114":{"start":{"line":257,"column":25},"end":{"line":268,"column":3}},"115":{"start":{"line":258,"column":4},"end":{"line":258,"column":53}},"116":{"start":{"line":258,"column":46},"end":{"line":258,"column":53}},"117":{"start":{"line":260,"column":29},"end":{"line":260,"column":57}},"118":{"start":{"line":261,"column":28},"end":{"line":261,"column":65}},"119":{"start":{"line":263,"column":4},"end":{"line":267,"column":5}},"120":{"start":{"line":264,"column":6},"end":{"line":264,"column":43}},"121":{"start":{"line":265,"column":11},"end":{"line":267,"column":5}},"122":{"start":{"line":266,"column":6},"end":{"line":266,"column":32}},"123":{"start":{"line":271,"column":28},"end":{"line":289,"column":3}},"124":{"start":{"line":272,"column":4},"end":{"line":272,"column":34}},"125":{"start":{"line":272,"column":27},"end":{"line":272,"column":34}},"126":{"start":{"line":274,"column":23},"end":{"line":274,"column":42}},"127":{"start":{"line":276,"column":4},"end":{"line":288,"column":5}},"128":{"start":{"line":277,"column":6},"end":{"line":277,"column":34}},"129":{"start":{"line":279,"column":6},"end":{"line":287,"column":9}},"130":{"start":{"line":292,"column":2},"end":{"line":329,"column":4}},"131":{"start":{"line":333,"column":15},"end":{"line":344,"column":2}}},"fnMap":{"0":{"name":"TabOneScreen","decl":{"start":{"line":27,"column":24},"end":{"line":27,"column":36}},"loc":{"start":{"line":27,"column":39},"end":{"line":330,"column":1}},"line":27},"1":{"name":"(anonymous_1)","decl":{"start":{"line":55,"column":20},"end":{"line":55,"column":21}},"loc":{"start":{"line":55,"column":44},"end":{"line":57,"column":3}},"line":55},"2":{"name":"(anonymous_2)","decl":{"start":{"line":56,"column":29},"end":{"line":56,"column":30}},"loc":{"start":{"line":56,"column":37},"end":{"line":56,"column":59}},"line":56},"3":{"name":"(anonymous_3)","decl":{"start":{"line":60,"column":29},"end":{"line":60,"column":30}},"loc":{"start":{"line":60,"column":35},"end":{"line":60,"column":55}},"line":60},"4":{"name":"(anonymous_4)","decl":{"start":{"line":62,"column":41},"end":{"line":62,"column":42}},"loc":{"start":{"line":62,"column":60},"end":{"line":75,"column":3}},"line":62},"5":{"name":"(anonymous_5)","decl":{"start":{"line":77,"column":35},"end":{"line":77,"column":36}},"loc":{"start":{"line":77,"column":87},"end":{"line":82,"column":3}},"line":77},"6":{"name":"(anonymous_6)","decl":{"start":{"line":85,"column":12},"end":{"line":85,"column":13}},"loc":{"start":{"line":85,"column":18},"end":{"line":132,"column":3}},"line":85},"7":{"name":"(anonymous_7)","decl":{"start":{"line":86,"column":5},"end":{"line":86,"column":6}},"loc":{"start":{"line":86,"column":17},"end":{"line":131,"column":5}},"line":86},"8":{"name":"(anonymous_8)","decl":{"start":{"line":113,"column":49},"end":{"line":113,"column":50}},"loc":{"start":{"line":113,"column":59},"end":{"line":121,"column":9}},"line":113},"9":{"name":"(anonymous_9)","decl":{"start":{"line":123,"column":35},"end":{"line":123,"column":36}},"loc":{"start":{"line":123,"column":45},"end":{"line":123,"column":82}},"line":123},"10":{"name":"(anonymous_10)","decl":{"start":{"line":135,"column":12},"end":{"line":135,"column":13}},"loc":{"start":{"line":135,"column":18},"end":{"line":151,"column":3}},"line":135},"11":{"name":"(anonymous_11)","decl":{"start":{"line":141,"column":33},"end":{"line":141,"column":34}},"loc":{"start":{"line":141,"column":45},"end":{"line":141,"column":63}},"line":141},"12":{"name":"(anonymous_12)","decl":{"start":{"line":145,"column":20},"end":{"line":145,"column":21}},"loc":{"start":{"line":145,"column":30},"end":{"line":145,"column":67}},"line":145},"13":{"name":"(anonymous_13)","decl":{"start":{"line":147,"column":20},"end":{"line":147,"column":21}},"loc":{"start":{"line":147,"column":30},"end":{"line":147,"column":63}},"line":147},"14":{"name":"(anonymous_14)","decl":{"start":{"line":154,"column":30},"end":{"line":154,"column":31}},"loc":{"start":{"line":154,"column":66},"end":{"line":205,"column":3}},"line":154},"15":{"name":"(anonymous_15)","decl":{"start":{"line":170,"column":29},"end":{"line":170,"column":30}},"loc":{"start":{"line":171,"column":12},"end":{"line":171,"column":90}},"line":171},"16":{"name":"(anonymous_16)","decl":{"start":{"line":171,"column":30},"end":{"line":171,"column":31}},"loc":{"start":{"line":171,"column":38},"end":{"line":171,"column":88}},"line":171},"17":{"name":"(anonymous_17)","decl":{"start":{"line":174,"column":31},"end":{"line":174,"column":32}},"loc":{"start":{"line":175,"column":12},"end":{"line":175,"column":90}},"line":175},"18":{"name":"(anonymous_18)","decl":{"start":{"line":175,"column":30},"end":{"line":175,"column":31}},"loc":{"start":{"line":175,"column":38},"end":{"line":175,"column":88}},"line":175},"19":{"name":"(anonymous_19)","decl":{"start":{"line":207,"column":30},"end":{"line":207,"column":31}},"loc":{"start":{"line":207,"column":36},"end":{"line":210,"column":3}},"line":207},"20":{"name":"(anonymous_20)","decl":{"start":{"line":212,"column":30},"end":{"line":212,"column":31}},"loc":{"start":{"line":212,"column":63},"end":{"line":214,"column":3}},"line":212},"21":{"name":"(anonymous_21)","decl":{"start":{"line":216,"column":27},"end":{"line":216,"column":28}},"loc":{"start":{"line":216,"column":72},"end":{"line":218,"column":3}},"line":216},"22":{"name":"(anonymous_22)","decl":{"start":{"line":221,"column":43},"end":{"line":221,"column":44}},"loc":{"start":{"line":221,"column":49},"end":{"line":232,"column":3}},"line":221},"23":{"name":"(anonymous_23)","decl":{"start":{"line":234,"column":30},"end":{"line":234,"column":31}},"loc":{"start":{"line":234,"column":87},"end":{"line":255,"column":3}},"line":234},"24":{"name":"(anonymous_24)","decl":{"start":{"line":237,"column":59},"end":{"line":237,"column":60}},"loc":{"start":{"line":237,"column":71},"end":{"line":245,"column":5}},"line":237},"25":{"name":"(anonymous_25)","decl":{"start":{"line":247,"column":34},"end":{"line":247,"column":35}},"loc":{"start":{"line":247,"column":44},"end":{"line":247,"column":67}},"line":247},"26":{"name":"(anonymous_26)","decl":{"start":{"line":257,"column":25},"end":{"line":257,"column":26}},"loc":{"start":{"line":257,"column":41},"end":{"line":268,"column":3}},"line":257},"27":{"name":"(anonymous_27)","decl":{"start":{"line":271,"column":28},"end":{"line":271,"column":29}},"loc":{"start":{"line":271,"column":34},"end":{"line":289,"column":3}},"line":271},"28":{"name":"(anonymous_28)","decl":{"start":{"line":313,"column":24},"end":{"line":313,"column":25}},"loc":{"start":{"line":313,"column":30},"end":{"line":313,"column":32}},"line":313}},"branchMap":{"0":{"loc":{"start":{"line":66,"column":4},"end":{"line":74,"column":5}},"type":"if","locations":[{"start":{"line":66,"column":4},"end":{"line":74,"column":5}},{"start":{},"end":{}}],"line":66},"1":{"loc":{"start":{"line":67,"column":29},"end":{"line":67,"column":53}},"type":"cond-expr","locations":[{"start":{"line":67,"column":43},"end":{"line":67,"column":49}},{"start":{"line":67,"column":52},"end":{"line":67,"column":53}}],"line":67},"2":{"loc":{"start":{"line":79,"column":4},"end":{"line":81,"column":5}},"type":"if","locations":[{"start":{"line":79,"column":4},"end":{"line":81,"column":5}},{"start":{},"end":{}}],"line":79},"3":{"loc":{"start":{"line":79,"column":8},"end":{"line":79,"column":46}},"type":"binary-expr","locations":[{"start":{"line":79,"column":8},"end":{"line":79,"column":20}},{"start":{"line":79,"column":24},"end":{"line":79,"column":46}}],"line":79},"4":{"loc":{"start":{"line":88,"column":6},"end":{"line":91,"column":7}},"type":"if","locations":[{"start":{"line":88,"column":6},"end":{"line":91,"column":7}},{"start":{},"end":{}}],"line":88},"5":{"loc":{"start":{"line":123,"column":46},"end":{"line":123,"column":61}},"type":"binary-expr","locations":[{"start":{"line":123,"column":46},"end":{"line":123,"column":56}},{"start":{"line":123,"column":60},"end":{"line":123,"column":61}}],"line":123},"6":{"loc":{"start":{"line":123,"column":66},"end":{"line":123,"column":81}},"type":"binary-expr","locations":[{"start":{"line":123,"column":66},"end":{"line":123,"column":76}},{"start":{"line":123,"column":80},"end":{"line":123,"column":81}}],"line":123},"7":{"loc":{"start":{"line":136,"column":4},"end":{"line":136,"column":45}},"type":"if","locations":[{"start":{"line":136,"column":4},"end":{"line":136,"column":45}},{"start":{},"end":{}}],"line":136},"8":{"loc":{"start":{"line":140,"column":4},"end":{"line":142,"column":5}},"type":"if","locations":[{"start":{"line":140,"column":4},"end":{"line":142,"column":5}},{"start":{},"end":{}}],"line":140},"9":{"loc":{"start":{"line":144,"column":4},"end":{"line":148,"column":5}},"type":"if","locations":[{"start":{"line":144,"column":4},"end":{"line":148,"column":5}},{"start":{"line":146,"column":11},"end":{"line":148,"column":5}}],"line":144},"10":{"loc":{"start":{"line":145,"column":31},"end":{"line":145,"column":46}},"type":"binary-expr","locations":[{"start":{"line":145,"column":31},"end":{"line":145,"column":41}},{"start":{"line":145,"column":45},"end":{"line":145,"column":46}}],"line":145},"11":{"loc":{"start":{"line":145,"column":51},"end":{"line":145,"column":66}},"type":"binary-expr","locations":[{"start":{"line":145,"column":51},"end":{"line":145,"column":61}},{"start":{"line":145,"column":65},"end":{"line":145,"column":66}}],"line":145},"12":{"loc":{"start":{"line":146,"column":11},"end":{"line":148,"column":5}},"type":"if","locations":[{"start":{"line":146,"column":11},"end":{"line":148,"column":5}},{"start":{},"end":{}}],"line":146},"13":{"loc":{"start":{"line":147,"column":31},"end":{"line":147,"column":44}},"type":"binary-expr","locations":[{"start":{"line":147,"column":31},"end":{"line":147,"column":39}},{"start":{"line":147,"column":43},"end":{"line":147,"column":44}}],"line":147},"14":{"loc":{"start":{"line":147,"column":49},"end":{"line":147,"column":62}},"type":"binary-expr","locations":[{"start":{"line":147,"column":49},"end":{"line":147,"column":57}},{"start":{"line":147,"column":61},"end":{"line":147,"column":62}}],"line":147},"15":{"loc":{"start":{"line":160,"column":6},"end":{"line":178,"column":7}},"type":"if","locations":[{"start":{"line":160,"column":6},"end":{"line":178,"column":7}},{"start":{},"end":{}}],"line":160},"16":{"loc":{"start":{"line":164,"column":8},"end":{"line":177,"column":9}},"type":"if","locations":[{"start":{"line":164,"column":8},"end":{"line":177,"column":9}},{"start":{},"end":{}}],"line":164},"17":{"loc":{"start":{"line":171,"column":38},"end":{"line":171,"column":88}},"type":"cond-expr","locations":[{"start":{"line":171,"column":63},"end":{"line":171,"column":82}},{"start":{"line":171,"column":85},"end":{"line":171,"column":88}}],"line":171},"18":{"loc":{"start":{"line":175,"column":38},"end":{"line":175,"column":88}},"type":"cond-expr","locations":[{"start":{"line":175,"column":63},"end":{"line":175,"column":82}},{"start":{"line":175,"column":85},"end":{"line":175,"column":88}}],"line":175},"19":{"loc":{"start":{"line":182,"column":6},"end":{"line":199,"column":7}},"type":"if","locations":[{"start":{"line":182,"column":6},"end":{"line":199,"column":7}},{"start":{},"end":{}}],"line":182},"20":{"loc":{"start":{"line":183,"column":31},"end":{"line":183,"column":66}},"type":"cond-expr","locations":[{"start":{"line":183,"column":56},"end":{"line":183,"column":62}},{"start":{"line":183,"column":65},"end":{"line":183,"column":66}}],"line":183},"21":{"loc":{"start":{"line":222,"column":4},"end":{"line":231,"column":5}},"type":"if","locations":[{"start":{"line":222,"column":4},"end":{"line":231,"column":5}},{"start":{},"end":{}}],"line":222},"22":{"loc":{"start":{"line":223,"column":29},"end":{"line":223,"column":64}},"type":"cond-expr","locations":[{"start":{"line":223,"column":54},"end":{"line":223,"column":60}},{"start":{"line":223,"column":63},"end":{"line":223,"column":64}}],"line":223},"23":{"loc":{"start":{"line":235,"column":4},"end":{"line":235,"column":69}},"type":"if","locations":[{"start":{"line":235,"column":4},"end":{"line":235,"column":69}},{"start":{},"end":{}}],"line":235},"24":{"loc":{"start":{"line":235,"column":8},"end":{"line":235,"column":55}},"type":"binary-expr","locations":[{"start":{"line":235,"column":8},"end":{"line":235,"column":21}},{"start":{"line":235,"column":25},"end":{"line":235,"column":55}}],"line":235},"25":{"loc":{"start":{"line":250,"column":4},"end":{"line":252,"column":5}},"type":"if","locations":[{"start":{"line":250,"column":4},"end":{"line":252,"column":5}},{"start":{},"end":{}}],"line":250},"26":{"loc":{"start":{"line":250,"column":8},"end":{"line":250,"column":41}},"type":"binary-expr","locations":[{"start":{"line":250,"column":8},"end":{"line":250,"column":15}},{"start":{"line":250,"column":19},"end":{"line":250,"column":41}}],"line":250},"27":{"loc":{"start":{"line":258,"column":4},"end":{"line":258,"column":53}},"type":"if","locations":[{"start":{"line":258,"column":4},"end":{"line":258,"column":53}},{"start":{},"end":{}}],"line":258},"28":{"loc":{"start":{"line":263,"column":4},"end":{"line":267,"column":5}},"type":"if","locations":[{"start":{"line":263,"column":4},"end":{"line":267,"column":5}},{"start":{"line":265,"column":11},"end":{"line":267,"column":5}}],"line":263},"29":{"loc":{"start":{"line":265,"column":11},"end":{"line":267,"column":5}},"type":"if","locations":[{"start":{"line":265,"column":11},"end":{"line":267,"column":5}},{"start":{},"end":{}}],"line":265},"30":{"loc":{"start":{"line":272,"column":4},"end":{"line":272,"column":34}},"type":"if","locations":[{"start":{"line":272,"column":4},"end":{"line":272,"column":34}},{"start":{},"end":{}}],"line":272},"31":{"loc":{"start":{"line":276,"column":4},"end":{"line":288,"column":5}},"type":"if","locations":[{"start":{"line":276,"column":4},"end":{"line":288,"column":5}},{"start":{"line":278,"column":11},"end":{"line":288,"column":5}}],"line":276}},"s":{"0":0,"1":0,"2":0,"3":0,"4":0,"5":0,"6":0,"7":0,"8":0,"9":0,"10":0,"11":0,"12":0,"13":0,"14":0,"15":0,"16":0,"17":0,"18":0,"19":0,"20":0,"21":0,"22":0,"23":0,"24":0,"25":0,"26":0,"27":0,"28":0,"29":0,"30":0,"31":0,"32":0,"33":0,"34":0,"35":0,"36":0,"37":0,"38":0,"39":0,"40":0,"41":0,"42":0,"43":0,"44":0,"45":0,"46":0,"47":0,"48":0,"49":0,"50":0,"51":0,"52":0,"53":0,"54":0,"55":0,"56":0,"57":0,"58":0,"59":0,"60":0,"61":0,"62":0,"63":0,"64":0,"65":0,"66":0,"67":0,"68":0,"69":0,"70":0,"71":0,"72":0,"73":0,"74":0,"75":0,"76":0,"77":0,"78":0,"79":0,"80":0,"81":0,"82":0,"83":0,"84":0,"85":0,"86":0,"87":0,"88":0,"89":0,"90":0,"91":0,"92":0,"93":0,"94":0,"95":0,"96":0,"97":0,"98":0,"99":0,"100":0,"101":0,"102":0,"103":0,"104":0,"105":0,"106":0,"107":0,"108":0,"109":0,"110":0,"111":0,"112":0,"113":0,"114":0,"115":0,"116":0,"117":0,"118":0,"119":0,"120":0,"121":0,"122":0,"123":0,"124":0,"125":0,"126":0,"127":0,"128":0,"129":0,"130":0,"131":0},"f":{"0":0,"1":0,"2":0,"3":0,"4":0,"5":0,"6":0,"7":0,"8":0,"9":0,"10":0,"11":0,"12":0,"13":0,"14":0,"15":0,"16":0,"17":0,"18":0,"19":0,"20":0,"21":0,"22":0,"23":0,"24":0,"25":0,"26":0,"27":0,"28":0},"b":{"0":[0,0],"1":[0,0],"2":[0,0],"3":[0,0],"4":[0,0],"5":[0,0],"6":[0,0],"7":[0,0],"8":[0,0],"9":[0,0],"10":[0,0],"11":[0,0],"12":[0,0],"13":[0,0],"14":[0,0],"15":[0,0],"16":[0,0],"17":[0,0],"18":[0,0],"19":[0,0],"20":[0,0],"21":[0,0],"22":[0,0],"23":[0,0],"24":[0,0],"25":[0,0],"26":[0,0],"27":[0,0],"28":[0,0],"29":[0,0],"30":[0,0],"31":[0,0]}}
,"/Users/zachholt/Documents/code_projects/nightout/nightout-frontend/app/(tabs)/profile.tsx": {"path":"/Users/zachholt/Documents/code_projects/nightout/nightout-frontend/app/(tabs)/profile.tsx","statementMap":{"0":{"start":{"line":12,"column":22},"end":{"line":12,"column":38}},"1":{"start":{"line":13,"column":22},"end":{"line":13,"column":38}},"2":{"start":{"line":14,"column":36},"end":{"line":14,"column":45}},"3":{"start":{"line":15,"column":38},"end":{"line":15,"column":53}},"4":{"start":{"line":16,"column":26},"end":{"line":16,"column":38}},"5":{"start":{"line":17,"column":28},"end":{"line":17,"column":40}},"6":{"start":{"line":18,"column":34},"end":{"line":18,"column":46}},"7":{"start":{"line":19,"column":32},"end":{"line":19,"column":46}},"8":{"start":{"line":22,"column":2},"end":{"line":24,"column":13}},"9":{"start":{"line":23,"column":4},"end":{"line":23,"column":26}},"10":{"start":{"line":26,"column":17},"end":{"line":34,"column":3}},"11":{"start":{"line":36,"column":24},"end":{"line":63,"column":4}},"12":{"start":{"line":39,"column":29},"end":{"line":47,"column":7}},"13":{"start":{"line":48,"column":6},"end":{"line":48,"column":24}},"14":{"start":{"line":49,"column":6},"end":{"line":49,"column":26}},"15":{"start":{"line":52,"column":6},"end":{"line":54,"column":7}},"16":{"start":{"line":53,"column":8},"end":{"line":53,"column":34}},"17":{"start":{"line":57,"column":6},"end":{"line":57,"column":19}},"18":{"start":{"line":58,"column":6},"end":{"line":58,"column":22}},"19":{"start":{"line":61,"column":6},"end":{"line":61,"column":81}},"20":{"start":{"line":65,"column":27},"end":{"line":93,"column":4}},"21":{"start":{"line":68,"column":29},"end":{"line":76,"column":7}},"22":{"start":{"line":77,"column":6},"end":{"line":77,"column":24}},"23":{"start":{"line":78,"column":6},"end":{"line":78,"column":26}},"24":{"start":{"line":81,"column":6},"end":{"line":83,"column":7}},"25":{"start":{"line":82,"column":8},"end":{"line":82,"column":34}},"26":{"start":{"line":86,"column":6},"end":{"line":86,"column":18}},"27":{"start":{"line":87,"column":6},"end":{"line":87,"column":19}},"28":{"start":{"line":88,"column":6},"end":{"line":88,"column":22}},"29":{"start":{"line":91,"column":6},"end":{"line":91,"column":88}},"30":{"start":{"line":95,"column":23},"end":{"line":97,"column":3}},"31":{"start":{"line":96,"column":4},"end":{"line":96,"column":46}},"32":{"start":{"line":99,"column":30},"end":{"line":105,"column":3}},"33":{"start":{"line":100,"column":4},"end":{"line":103,"column":5}},"34":{"start":{"line":101,"column":6},"end":{"line":101,"column":53}},"35":{"start":{"line":102,"column":6},"end":{"line":102,"column":13}},"36":{"start":{"line":104,"column":4},"end":{"line":104,"column":55}},"37":{"start":{"line":107,"column":24},"end":{"line":110,"column":3}},"38":{"start":{"line":108,"column":4},"end":{"line":108,"column":13}},"39":{"start":{"line":109,"column":4},"end":{"line":109,"column":24}},"40":{"start":{"line":112,"column":2},"end":{"line":140,"column":4}}},"fnMap":{"0":{"name":"ProfileScreen","decl":{"start":{"line":11,"column":24},"end":{"line":11,"column":37}},"loc":{"start":{"line":11,"column":40},"end":{"line":141,"column":1}},"line":11},"1":{"name":"(anonymous_1)","decl":{"start":{"line":22,"column":12},"end":{"line":22,"column":13}},"loc":{"start":{"line":22,"column":18},"end":{"line":24,"column":3}},"line":22},"2":{"name":"(anonymous_2)","decl":{"start":{"line":38,"column":15},"end":{"line":38,"column":16}},"loc":{"start":{"line":38,"column":39},"end":{"line":59,"column":5}},"line":38},"3":{"name":"(anonymous_3)","decl":{"start":{"line":60,"column":13},"end":{"line":60,"column":14}},"loc":{"start":{"line":60,"column":29},"end":{"line":62,"column":5}},"line":60},"4":{"name":"(anonymous_4)","decl":{"start":{"line":67,"column":15},"end":{"line":67,"column":16}},"loc":{"start":{"line":67,"column":39},"end":{"line":89,"column":5}},"line":67},"5":{"name":"(anonymous_5)","decl":{"start":{"line":90,"column":13},"end":{"line":90,"column":14}},"loc":{"start":{"line":90,"column":29},"end":{"line":92,"column":5}},"line":90},"6":{"name":"(anonymous_6)","decl":{"start":{"line":95,"column":23},"end":{"line":95,"column":24}},"loc":{"start":{"line":95,"column":29},"end":{"line":97,"column":3}},"line":95},"7":{"name":"(anonymous_7)","decl":{"start":{"line":99,"column":30},"end":{"line":99,"column":31}},"loc":{"start":{"line":99,"column":36},"end":{"line":105,"column":3}},"line":99},"8":{"name":"(anonymous_8)","decl":{"start":{"line":107,"column":24},"end":{"line":107,"column":25}},"loc":{"start":{"line":107,"column":30},"end":{"line":110,"column":3}},"line":107}},"branchMap":{"0":{"loc":{"start":{"line":27,"column":16},"end":{"line":27,"column":62}},"type":"cond-expr","locations":[{"start":{"line":27,"column":41},"end":{"line":27,"column":50}},{"start":{"line":27,"column":53},"end":{"line":27,"column":62}}],"line":27},"1":{"loc":{"start":{"line":28,"column":10},"end":{"line":28,"column":56}},"type":"cond-expr","locations":[{"start":{"line":28,"column":35},"end":{"line":28,"column":44}},{"start":{"line":28,"column":47},"end":{"line":28,"column":56}}],"line":28},"2":{"loc":{"start":{"line":29,"column":19},"end":{"line":29,"column":65}},"type":"cond-expr","locations":[{"start":{"line":29,"column":44},"end":{"line":29,"column":53}},{"start":{"line":29,"column":56},"end":{"line":29,"column":65}}],"line":29},"3":{"loc":{"start":{"line":31,"column":22},"end":{"line":31,"column":68}},"type":"cond-expr","locations":[{"start":{"line":31,"column":47},"end":{"line":31,"column":56}},{"start":{"line":31,"column":59},"end":{"line":31,"column":68}}],"line":31},"4":{"loc":{"start":{"line":32,"column":21},"end":{"line":32,"column":67}},"type":"cond-expr","locations":[{"start":{"line":32,"column":46},"end":{"line":32,"column":55}},{"start":{"line":32,"column":58},"end":{"line":32,"column":67}}],"line":32},"5":{"loc":{"start":{"line":33,"column":17},"end":{"line":33,"column":63}},"type":"cond-expr","locations":[{"start":{"line":33,"column":42},"end":{"line":33,"column":51}},{"start":{"line":33,"column":54},"end":{"line":33,"column":63}}],"line":33},"6":{"loc":{"start":{"line":52,"column":6},"end":{"line":54,"column":7}},"type":"if","locations":[{"start":{"line":52,"column":6},"end":{"line":54,"column":7}},{"start":{},"end":{}}],"line":52},"7":{"loc":{"start":{"line":61,"column":27},"end":{"line":61,"column":79}},"type":"binary-expr","locations":[{"start":{"line":61,"column":27},"end":{"line":61,"column":56}},{"start":{"line":61,"column":60},"end":{"line":61,"column":79}}],"line":61},"8":{"loc":{"start":{"line":81,"column":6},"end":{"line":83,"column":7}},"type":"if","locations":[{"start":{"line":81,"column":6},"end":{"line":83,"column":7}},{"start":{},"end":{}}],"line":81},"9":{"loc":{"start":{"line":91,"column":27},"end":{"line":91,"column":86}},"type":"binary-expr","locations":[{"start":{"line":91,"column":27},"end":{"line":91,"column":56}},{"start":{"line":91,"column":60},"end":{"line":91,"column":86}}],"line":91},"10":{"loc":{"start":{"line":100,"column":4},"end":{"line":103,"column":5}},"type":"if","locations":[{"start":{"line":100,"column":4},"end":{"line":103,"column":5}},{"start":{},"end":{}}],"line":100},"11":{"loc":{"start":{"line":100,"column":8},"end":{"line":100,"column":25}},"type":"binary-expr","locations":[{"start":{"line":100,"column":8},"end":{"line":100,"column":13}},{"start":{"line":100,"column":17},"end":{"line":100,"column":25}}],"line":100},"12":{"loc":{"start":{"line":115,"column":16},"end":{"line":115,"column":60}},"type":"cond-expr","locations":[{"start":{"line":115,"column":40},"end":{"line":115,"column":49}},{"start":{"line":115,"column":52},"end":{"line":115,"column":60}}],"line":115},"13":{"loc":{"start":{"line":116,"column":30},"end":{"line":116,"column":60}},"type":"cond-expr","locations":[{"start":{"line":116,"column":54},"end":{"line":116,"column":56}},{"start":{"line":116,"column":59},"end":{"line":116,"column":60}}],"line":116},"14":{"loc":{"start":{"line":118,"column":7},"end":{"line":138,"column":7}},"type":"cond-expr","locations":[{"start":{"line":119,"column":8},"end":{"line":123,"column":10}},{"start":{"line":125,"column":8},"end":{"line":137,"column":10}}],"line":118},"15":{"loc":{"start":{"line":118,"column":7},"end":{"line":118,"column":25}},"type":"binary-expr","locations":[{"start":{"line":118,"column":7},"end":{"line":118,"column":17}},{"start":{"line":118,"column":21},"end":{"line":118,"column":25}}],"line":118}},"s":{"0":0,"1":0,"2":0,"3":0,"4":0,"5":0,"6":0,"7":0,"8":0,"9":0,"10":0,"11":0,"12":0,"13":0,"14":0,"15":0,"16":0,"17":0,"18":0,"19":0,"20":0,"21":0,"22":0,"23":0,"24":0,"25":0,"26":0,"27":0,"28":0,"29":0,"30":0,"31":0,"32":0,"33":0,"34":0,"35":0,"36":0,"37":0,"38":0,"39":0,"40":0},"f":{"0":0,"1":0,"2":0,"3":0,"4":0,"5":0,"6":0,"7":0,"8":0},"b":{"0":[0,0],"1":[0,0],"2":[0,0],"3":[0,0],"4":[0,0],"5":[0,0],"6":[0,0],"7":[0,0],"8":[0,0],"9":[0,0],"10":[0,0],"11":[0,0],"12":[0,0],"13":[0,0],"14":[0,0],"15":[0,0]}}
,"/Users/zachholt/Documents/code_projects/nightout/nightout-frontend/app/(tabs)/routes.tsx": {"path":"/Users/zachholt/Documents/code_projects/nightout/nightout-frontend/app/(tabs)/routes.tsx","statementMap":{"0":{"start":{"line":26,"column":22},"end":{"line":26,"column":38}},"1":{"start":{"line":27,"column":17},"end":{"line":27,"column":39}},"2":{"start":{"line":28,"column":20},"end":{"line":28,"column":50}},"3":{"start":{"line":29,"column":26},"end":{"line":29,"column":56}},"4":{"start":{"line":30,"column":25},"end":{"line":30,"column":55}},"5":{"start":{"line":31,"column":22},"end":{"line":31,"column":31}},"6":{"start":{"line":34,"column":93},"end":{"line":34,"column":103}},"7":{"start":{"line":37,"column":34},"end":{"line":37,"column":46}},"8":{"start":{"line":38,"column":29},"end":{"line":38,"column":85}},"9":{"start":{"line":38,"column":68},"end":{"line":38,"column":84}},"10":{"start":{"line":41,"column":36},"end":{"line":41,"column":48}},"11":{"start":{"line":42,"column":46},"end":{"line":42,"column":61}},"12":{"start":{"line":43,"column":44},"end":{"line":43,"column":56}},"13":{"start":{"line":44,"column":44},"end":{"line":44,"column":56}},"14":{"start":{"line":45,"column":36},"end":{"line":45,"column":51}},"15":{"start":{"line":46,"column":38},"end":{"line":46,"column":53}},"16":{"start":{"line":47,"column":19},"end":{"line":47,"column":56}},"17":{"start":{"line":48,"column":40},"end":{"line":48,"column":55}},"18":{"start":{"line":51,"column":2},"end":{"line":64,"column":9}},"19":{"start":{"line":52,"column":4},"end":{"line":63,"column":9}},"20":{"start":{"line":53,"column":23},"end":{"line":53,"column":73}},"21":{"start":{"line":54,"column":6},"end":{"line":56,"column":7}},"22":{"start":{"line":55,"column":8},"end":{"line":55,"column":15}},"23":{"start":{"line":58,"column":6},"end":{"line":62,"column":7}},"24":{"start":{"line":59,"column":25},"end":{"line":59,"column":67}},"25":{"start":{"line":61,"column":8},"end":{"line":61,"column":56}},"26":{"start":{"line":67,"column":2},"end":{"line":75,"column":21}},"27":{"start":{"line":68,"column":4},"end":{"line":74,"column":5}},"28":{"start":{"line":69,"column":6},"end":{"line":69,"column":27}},"29":{"start":{"line":70,"column":6},"end":{"line":70,"column":82}},"30":{"start":{"line":72,"column":6},"end":{"line":72,"column":27}},"31":{"start":{"line":73,"column":6},"end":{"line":73,"column":27}},"32":{"start":{"line":78,"column":29},"end":{"line":124,"column":3}},"33":{"start":{"line":79,"column":4},"end":{"line":79,"column":40}},"34":{"start":{"line":79,"column":33},"end":{"line":79,"column":40}},"35":{"start":{"line":81,"column":4},"end":{"line":81,"column":23}},"36":{"start":{"line":83,"column":4},"end":{"line":123,"column":5}},"37":{"start":{"line":84,"column":31},"end":{"line":84,"column":32}},"38":{"start":{"line":85,"column":31},"end":{"line":85,"column":32}},"39":{"start":{"line":88,"column":6},"end":{"line":112,"column":7}},"40":{"start":{"line":88,"column":19},"end":{"line":88,"column":20}},"41":{"start":{"line":89,"column":22},"end":{"line":89,"column":37}},"42":{"start":{"line":90,"column":20},"end":{"line":90,"column":39}},"43":{"start":{"line":92,"column":8},"end":{"line":92,"column":77}},"44":{"start":{"line":94,"column":8},"end":{"line":111,"column":9}},"45":{"start":{"line":95,"column":27},"end":{"line":97,"column":11}},"46":{"start":{"line":99,"column":23},"end":{"line":99,"column":44}},"47":{"start":{"line":100,"column":10},"end":{"line":100,"column":59}},"48":{"start":{"line":102,"column":10},"end":{"line":108,"column":11}},"49":{"start":{"line":103,"column":26},"end":{"line":103,"column":40}},"50":{"start":{"line":104,"column":24},"end":{"line":104,"column":37}},"51":{"start":{"line":106,"column":12},"end":{"line":106,"column":53}},"52":{"start":{"line":107,"column":12},"end":{"line":107,"column":53}},"53":{"start":{"line":110,"column":10},"end":{"line":110,"column":61}},"54":{"start":{"line":115,"column":6},"end":{"line":118,"column":7}},"55":{"start":{"line":116,"column":8},"end":{"line":116,"column":61}},"56":{"start":{"line":117,"column":8},"end":{"line":117,"column":61}},"57":{"start":{"line":120,"column":6},"end":{"line":120,"column":55}},"58":{"start":{"line":122,"column":6},"end":{"line":122,"column":26}},"59":{"start":{"line":127,"column":25},"end":{"line":133,"column":3}},"60":{"start":{"line":128,"column":4},"end":{"line":132,"column":5}},"61":{"start":{"line":129,"column":6},"end":{"line":129,"column":27}},"62":{"start":{"line":131,"column":6},"end":{"line":131,"column":48}},"63":{"start":{"line":136,"column":25},"end":{"line":145,"column":3}},"64":{"start":{"line":137,"column":18},"end":{"line":137,"column":44}},"65":{"start":{"line":138,"column":20},"end":{"line":138,"column":53}},"66":{"start":{"line":140,"column":4},"end":{"line":144,"column":5}},"67":{"start":{"line":141,"column":6},"end":{"line":141,"column":42}},"68":{"start":{"line":143,"column":6},"end":{"line":143,"column":30}},"69":{"start":{"line":148,"column":26},"end":{"line":157,"column":3}},"70":{"start":{"line":149,"column":4},"end":{"line":152,"column":5}},"71":{"start":{"line":150,"column":6},"end":{"line":150,"column":56}},"72":{"start":{"line":151,"column":6},"end":{"line":151,"column":13}},"73":{"start":{"line":154,"column":4},"end":{"line":154,"column":25}},"74":{"start":{"line":155,"column":4},"end":{"line":155,"column":21}},"75":{"start":{"line":156,"column":4},"end":{"line":156,"column":29}},"76":{"start":{"line":160,"column":24},"end":{"line":172,"column":39}},"77":{"start":{"line":162,"column":21},"end":{"line":162,"column":30}},"78":{"start":{"line":165,"column":4},"end":{"line":165,"column":26}},"79":{"start":{"line":169,"column":4},"end":{"line":171,"column":12}},"80":{"start":{"line":170,"column":6},"end":{"line":170,"column":27}},"81":{"start":{"line":175,"column":29},"end":{"line":344,"column":3}},"82":{"start":{"line":176,"column":4},"end":{"line":188,"column":5}},"83":{"start":{"line":177,"column":6},"end":{"line":187,"column":8}},"84":{"start":{"line":190,"column":4},"end":{"line":343,"column":6}},"85":{"start":{"line":230,"column":14},"end":{"line":230,"column":34}},"86":{"start":{"line":233,"column":14},"end":{"line":233,"column":35}},"87":{"start":{"line":234,"column":14},"end":{"line":234,"column":34}},"88":{"start":{"line":236,"column":51},"end":{"line":236,"column":58}},"89":{"start":{"line":241,"column":26},"end":{"line":241,"column":27}},"90":{"start":{"line":242,"column":14},"end":{"line":251,"column":15}},"91":{"start":{"line":243,"column":31},"end":{"line":243,"column":41}},"92":{"start":{"line":244,"column":16},"end":{"line":248,"column":17}},"93":{"start":{"line":245,"column":18},"end":{"line":245,"column":33}},"94":{"start":{"line":247,"column":18},"end":{"line":247,"column":86}},"95":{"start":{"line":247,"column":61},"end":{"line":247,"column":84}},"96":{"start":{"line":250,"column":16},"end":{"line":250,"column":84}},"97":{"start":{"line":250,"column":59},"end":{"line":250,"column":82}},"98":{"start":{"line":253,"column":14},"end":{"line":290,"column":16}},"99":{"start":{"line":282,"column":39},"end":{"line":282,"column":63}},"100":{"start":{"line":299,"column":27},"end":{"line":299,"column":39}},"101":{"start":{"line":306,"column":27},"end":{"line":306,"column":50}},"102":{"start":{"line":328,"column":33},"end":{"line":328,"column":57}},"103":{"start":{"line":347,"column":32},"end":{"line":383,"column":3}},"104":{"start":{"line":348,"column":4},"end":{"line":360,"column":5}},"105":{"start":{"line":349,"column":6},"end":{"line":359,"column":8}},"106":{"start":{"line":362,"column":4},"end":{"line":382,"column":6}},"107":{"start":{"line":367,"column":12},"end":{"line":378,"column":14}},"108":{"start":{"line":385,"column":2},"end":{"line":391,"column":4}},"109":{"start":{"line":394,"column":15},"end":{"line":586,"column":2}}},"fnMap":{"0":{"name":"RoutesScreen","decl":{"start":{"line":25,"column":24},"end":{"line":25,"column":36}},"loc":{"start":{"line":25,"column":39},"end":{"line":392,"column":1}},"line":25},"1":{"name":"(anonymous_1)","decl":{"start":{"line":38,"column":55},"end":{"line":38,"column":56}},"loc":{"start":{"line":38,"column":68},"end":{"line":38,"column":84}},"line":38},"2":{"name":"(anonymous_2)","decl":{"start":{"line":51,"column":12},"end":{"line":51,"column":13}},"loc":{"start":{"line":51,"column":18},"end":{"line":64,"column":3}},"line":51},"3":{"name":"(anonymous_3)","decl":{"start":{"line":52,"column":5},"end":{"line":52,"column":6}},"loc":{"start":{"line":52,"column":17},"end":{"line":63,"column":5}},"line":52},"4":{"name":"(anonymous_4)","decl":{"start":{"line":67,"column":12},"end":{"line":67,"column":13}},"loc":{"start":{"line":67,"column":18},"end":{"line":75,"column":3}},"line":67},"5":{"name":"(anonymous_5)","decl":{"start":{"line":78,"column":29},"end":{"line":78,"column":30}},"loc":{"start":{"line":78,"column":41},"end":{"line":124,"column":3}},"line":78},"6":{"name":"(anonymous_6)","decl":{"start":{"line":127,"column":25},"end":{"line":127,"column":26}},"loc":{"start":{"line":127,"column":53},"end":{"line":133,"column":3}},"line":127},"7":{"name":"(anonymous_7)","decl":{"start":{"line":136,"column":25},"end":{"line":136,"column":26}},"loc":{"start":{"line":136,"column":54},"end":{"line":145,"column":3}},"line":136},"8":{"name":"(anonymous_8)","decl":{"start":{"line":148,"column":26},"end":{"line":148,"column":27}},"loc":{"start":{"line":148,"column":32},"end":{"line":157,"column":3}},"line":148},"9":{"name":"(anonymous_9)","decl":{"start":{"line":160,"column":36},"end":{"line":160,"column":37}},"loc":{"start":{"line":160,"column":63},"end":{"line":172,"column":3}},"line":160},"10":{"name":"(anonymous_10)","decl":{"start":{"line":169,"column":15},"end":{"line":169,"column":16}},"loc":{"start":{"line":169,"column":21},"end":{"line":171,"column":5}},"line":169},"11":{"name":"(anonymous_11)","decl":{"start":{"line":175,"column":29},"end":{"line":175,"column":30}},"loc":{"start":{"line":175,"column":35},"end":{"line":344,"column":3}},"line":175},"12":{"name":"(anonymous_12)","decl":{"start":{"line":229,"column":25},"end":{"line":229,"column":26}},"loc":{"start":{"line":229,"column":31},"end":{"line":231,"column":13}},"line":229},"13":{"name":"(anonymous_13)","decl":{"start":{"line":232,"column":23},"end":{"line":232,"column":24}},"loc":{"start":{"line":232,"column":37},"end":{"line":235,"column":13}},"line":232},"14":{"name":"(anonymous_14)","decl":{"start":{"line":236,"column":26},"end":{"line":236,"column":27}},"loc":{"start":{"line":236,"column":51},"end":{"line":236,"column":58}},"line":236},"15":{"name":"(anonymous_15)","decl":{"start":{"line":239,"column":24},"end":{"line":239,"column":25}},"loc":{"start":{"line":239,"column":97},"end":{"line":291,"column":13}},"line":239},"16":{"name":"(anonymous_16)","decl":{"start":{"line":247,"column":49},"end":{"line":247,"column":50}},"loc":{"start":{"line":247,"column":61},"end":{"line":247,"column":84}},"line":247},"17":{"name":"(anonymous_17)","decl":{"start":{"line":250,"column":47},"end":{"line":250,"column":48}},"loc":{"start":{"line":250,"column":59},"end":{"line":250,"column":82}},"line":250},"18":{"name":"(anonymous_18)","decl":{"start":{"line":282,"column":33},"end":{"line":282,"column":34}},"loc":{"start":{"line":282,"column":39},"end":{"line":282,"column":63}},"line":282},"19":{"name":"(anonymous_19)","decl":{"start":{"line":299,"column":21},"end":{"line":299,"column":22}},"loc":{"start":{"line":299,"column":27},"end":{"line":299,"column":39}},"line":299},"20":{"name":"(anonymous_20)","decl":{"start":{"line":306,"column":21},"end":{"line":306,"column":22}},"loc":{"start":{"line":306,"column":27},"end":{"line":306,"column":50}},"line":306},"21":{"name":"(anonymous_21)","decl":{"start":{"line":328,"column":27},"end":{"line":328,"column":28}},"loc":{"start":{"line":328,"column":33},"end":{"line":328,"column":57}},"line":328},"22":{"name":"(anonymous_22)","decl":{"start":{"line":347,"column":32},"end":{"line":347,"column":33}},"loc":{"start":{"line":347,"column":38},"end":{"line":383,"column":3}},"line":347},"23":{"name":"(anonymous_23)","decl":{"start":{"line":366,"column":34},"end":{"line":366,"column":35}},"loc":{"start":{"line":367,"column":12},"end":{"line":378,"column":14}},"line":367},"24":{"name":"(anonymous_24)","decl":{"start":{"line":377,"column":23},"end":{"line":377,"column":24}},"loc":{"start":{"line":377,"column":29},"end":{"line":377,"column":31}},"line":377}},"branchMap":{"0":{"loc":{"start":{"line":28,"column":20},"end":{"line":28,"column":50}},"type":"cond-expr","locations":[{"start":{"line":28,"column":29},"end":{"line":28,"column":38}},{"start":{"line":28,"column":41},"end":{"line":28,"column":50}}],"line":28},"1":{"loc":{"start":{"line":29,"column":26},"end":{"line":29,"column":56}},"type":"cond-expr","locations":[{"start":{"line":29,"column":35},"end":{"line":29,"column":44}},{"start":{"line":29,"column":47},"end":{"line":29,"column":56}}],"line":29},"2":{"loc":{"start":{"line":30,"column":25},"end":{"line":30,"column":55}},"type":"cond-expr","locations":[{"start":{"line":30,"column":34},"end":{"line":30,"column":43}},{"start":{"line":30,"column":46},"end":{"line":30,"column":55}}],"line":30},"3":{"loc":{"start":{"line":54,"column":6},"end":{"line":56,"column":7}},"type":"if","locations":[{"start":{"line":54,"column":6},"end":{"line":56,"column":7}},{"start":{},"end":{}}],"line":54},"4":{"loc":{"start":{"line":68,"column":4},"end":{"line":74,"column":5}},"type":"if","locations":[{"start":{"line":68,"column":4},"end":{"line":74,"column":5}},{"start":{"line":71,"column":11},"end":{"line":74,"column":5}}],"line":68},"5":{"loc":{"start":{"line":79,"column":4},"end":{"line":79,"column":40}},"type":"if","locations":[{"start":{"line":79,"column":4},"end":{"line":79,"column":40}},{"start":{},"end":{}}],"line":79},"6":{"loc":{"start":{"line":102,"column":10},"end":{"line":108,"column":11}},"type":"if","locations":[{"start":{"line":102,"column":10},"end":{"line":108,"column":11}},{"start":{},"end":{}}],"line":102},"7":{"loc":{"start":{"line":102,"column":14},"end":{"line":102,"column":60}},"type":"binary-expr","locations":[{"start":{"line":102,"column":14},"end":{"line":102,"column":34}},{"start":{"line":102,"column":38},"end":{"line":102,"column":60}}],"line":102},"8":{"loc":{"start":{"line":115,"column":6},"end":{"line":118,"column":7}},"type":"if","locations":[{"start":{"line":115,"column":6},"end":{"line":118,"column":7}},{"start":{},"end":{}}],"line":115},"9":{"loc":{"start":{"line":128,"column":4},"end":{"line":132,"column":5}},"type":"if","locations":[{"start":{"line":128,"column":4},"end":{"line":132,"column":5}},{"start":{"line":130,"column":11},"end":{"line":132,"column":5}}],"line":128},"10":{"loc":{"start":{"line":140,"column":4},"end":{"line":144,"column":5}},"type":"if","locations":[{"start":{"line":140,"column":4},"end":{"line":144,"column":5}},{"start":{"line":142,"column":11},"end":{"line":144,"column":5}}],"line":140},"11":{"loc":{"start":{"line":149,"column":4},"end":{"line":152,"column":5}},"type":"if","locations":[{"start":{"line":149,"column":4},"end":{"line":152,"column":5}},{"start":{},"end":{}}],"line":149},"12":{"loc":{"start":{"line":176,"column":4},"end":{"line":188,"column":5}},"type":"if","locations":[{"start":{"line":176,"column":4},"end":{"line":188,"column":5}},{"start":{},"end":{}}],"line":176},"13":{"loc":{"start":{"line":193,"column":9},"end":{"line":223,"column":9}},"type":"cond-expr","locations":[{"start":{"line":194,"column":10},"end":{"line":199,"column":17}},{"start":{"line":201,"column":10},"end":{"line":222,"column":17}}],"line":193},"14":{"loc":{"start":{"line":205,"column":39},"end":{"line":205,"column":83}},"type":"cond-expr","locations":[{"start":{"line":205,"column":67},"end":{"line":205,"column":73}},{"start":{"line":205,"column":76},"end":{"line":205,"column":83}}],"line":205},"15":{"loc":{"start":{"line":214,"column":13},"end":{"line":221,"column":13}},"type":"binary-expr","locations":[{"start":{"line":214,"column":13},"end":{"line":214,"column":26}},{"start":{"line":214,"column":30},"end":{"line":214,"column":43}},{"start":{"line":215,"column":14},"end":{"line":220,"column":21}}],"line":214},"16":{"loc":{"start":{"line":242,"column":14},"end":{"line":251,"column":15}},"type":"if","locations":[{"start":{"line":242,"column":14},"end":{"line":251,"column":15}},{"start":{"line":249,"column":21},"end":{"line":251,"column":15}}],"line":242},"17":{"loc":{"start":{"line":244,"column":16},"end":{"line":248,"column":17}},"type":"if","locations":[{"start":{"line":244,"column":16},"end":{"line":248,"column":17}},{"start":{"line":246,"column":23},"end":{"line":248,"column":17}}],"line":244},"18":{"loc":{"start":{"line":257,"column":20},"end":{"line":257,"column":64}},"type":"binary-expr","locations":[{"start":{"line":257,"column":20},"end":{"line":257,"column":28}},{"start":{"line":257,"column":32},"end":{"line":257,"column":64}}],"line":257},"19":{"loc":{"start":{"line":267,"column":24},"end":{"line":267,"column":61}},"type":"binary-expr","locations":[{"start":{"line":267,"column":24},"end":{"line":267,"column":32}},{"start":{"line":267,"column":36},"end":{"line":267,"column":61}}],"line":267},"20":{"loc":{"start":{"line":272,"column":24},"end":{"line":272,"column":66}},"type":"binary-expr","locations":[{"start":{"line":272,"column":24},"end":{"line":272,"column":32}},{"start":{"line":272,"column":36},"end":{"line":272,"column":66}}],"line":272},"21":{"loc":{"start":{"line":283,"column":34},"end":{"line":283,"column":56}},"type":"binary-expr","locations":[{"start":{"line":283,"column":34},"end":{"line":283,"column":42}},{"start":{"line":283,"column":46},"end":{"line":283,"column":56}}],"line":283},"22":{"loc":{"start":{"line":285,"column":71},"end":{"line":285,"column":119}},"type":"cond-expr","locations":[{"start":{"line":285,"column":98},"end":{"line":285,"column":107}},{"start":{"line":285,"column":110},"end":{"line":285,"column":119}}],"line":285},"23":{"loc":{"start":{"line":285,"column":72},"end":{"line":285,"column":94}},"type":"binary-expr","locations":[{"start":{"line":285,"column":72},"end":{"line":285,"column":80}},{"start":{"line":285,"column":84},"end":{"line":285,"column":94}}],"line":285},"24":{"loc":{"start":{"line":314,"column":9},"end":{"line":341,"column":9}},"type":"binary-expr","locations":[{"start":{"line":314,"column":9},"end":{"line":314,"column":23}},{"start":{"line":315,"column":10},"end":{"line":340,"column":17}}],"line":314},"25":{"loc":{"start":{"line":319,"column":81},"end":{"line":319,"column":105}},"type":"cond-expr","locations":[{"start":{"line":319,"column":90},"end":{"line":319,"column":96}},{"start":{"line":319,"column":99},"end":{"line":319,"column":105}}],"line":319},"26":{"loc":{"start":{"line":348,"column":4},"end":{"line":360,"column":5}},"type":"if","locations":[{"start":{"line":348,"column":4},"end":{"line":360,"column":5}},{"start":{},"end":{}}],"line":348}},"s":{"0":0,"1":0,"2":0,"3":0,"4":0,"5":0,"6":0,"7":0,"8":0,"9":0,"10":0,"11":0,"12":0,"13":0,"14":0,"15":0,"16":0,"17":0,"18":0,"19":0,"20":0,"21":0,"22":0,"23":0,"24":0,"25":0,"26":0,"27":0,"28":0,"29":0,"30":0,"31":0,"32":0,"33":0,"34":0,"35":0,"36":0,"37":0,"38":0,"39":0,"40":0,"41":0,"42":0,"43":0,"44":0,"45":0,"46":0,"47":0,"48":0,"49":0,"50":0,"51":0,"52":0,"53":0,"54":0,"55":0,"56":0,"57":0,"58":0,"59":0,"60":0,"61":0,"62":0,"63":0,"64":0,"65":0,"66":0,"67":0,"68":0,"69":0,"70":0,"71":0,"72":0,"73":0,"74":0,"75":0,"76":0,"77":0,"78":0,"79":0,"80":0,"81":0,"82":0,"83":0,"84":0,"85":0,"86":0,"87":0,"88":0,"89":0,"90":0,"91":0,"92":0,"93":0,"94":0,"95":0,"96":0,"97":0,"98":0,"99":0,"100":0,"101":0,"102":0,"103":0,"104":0,"105":0,"106":0,"107":0,"108":0,"109":0},"f":{"0":0,"1":0,"2":0,"3":0,"4":0,"5":0,"6":0,"7":0,"8":0,"9":0,"10":0,"11":0,"12":0,"13":0,"14":0,"15":0,"16":0,"17":0,"18":0,"19":0,"20":0,"21":0,"22":0,"23":0,"24":0},"b":{"0":[0,0],"1":[0,0],"2":[0,0],"3":[0,0],"4":[0,0],"5":[0,0],"6":[0,0],"7":[0,0],"8":[0,0],"9":[0,0],"10":[0,0],"11":[0,0],"12":[0,0],"13":[0,0],"14":[0,0],"15":[0,0,0],"16":[0,0],"17":[0,0],"18":[0,0],"19":[0,0],"20":[0,0],"21":[0,0],"22":[0,0],"23":[0,0],"24":[0,0],"25":[0,0],"26":[0,0]}}
,"/Users/zachholt/Documents/code_projects/nightout/nightout-frontend/app/(tabs)/components/SignedInView.tsx": {"path":"/Users/zachholt/Documents/code_projects/nightout/nightout-frontend/app/(tabs)/components/SignedInView.tsx","statementMap":{"0":{"start":{"line":25,"column":42},"end":{"line":25,"column":51}},"1":{"start":{"line":26,"column":44},"end":{"line":26,"column":59}},"2":{"start":{"line":27,"column":36},"end":{"line":27,"column":69}},"3":{"start":{"line":28,"column":42},"end":{"line":28,"column":64}},"4":{"start":{"line":29,"column":24},"end":{"line":29,"column":37}},"5":{"start":{"line":30,"column":17},"end":{"line":30,"column":28}},"6":{"start":{"line":32,"column":31},"end":{"line":34,"column":3}},"7":{"start":{"line":33,"column":4},"end":{"line":33,"column":30}},"8":{"start":{"line":36,"column":22},"end":{"line":58,"column":3}},"9":{"start":{"line":37,"column":4},"end":{"line":57,"column":5}},"10":{"start":{"line":38,"column":6},"end":{"line":56,"column":7}},"11":{"start":{"line":39,"column":22},"end":{"line":39,"column":72}},"12":{"start":{"line":40,"column":8},"end":{"line":40,"column":36}},"13":{"start":{"line":41,"column":8},"end":{"line":50,"column":9}},"14":{"start":{"line":42,"column":10},"end":{"line":42,"column":53}},"15":{"start":{"line":43,"column":10},"end":{"line":49,"column":11}},"16":{"start":{"line":44,"column":12},"end":{"line":44,"column":53}},"17":{"start":{"line":45,"column":12},"end":{"line":45,"column":76}},"18":{"start":{"line":47,"column":12},"end":{"line":47,"column":70}},"19":{"start":{"line":48,"column":12},"end":{"line":48,"column":58}},"20":{"start":{"line":51,"column":8},"end":{"line":51,"column":32}},"21":{"start":{"line":53,"column":8},"end":{"line":53,"column":54}},"22":{"start":{"line":54,"column":8},"end":{"line":54,"column":56}},"23":{"start":{"line":55,"column":8},"end":{"line":55,"column":32}},"24":{"start":{"line":60,"column":2},"end":{"line":69,"column":3}},"25":{"start":{"line":61,"column":4},"end":{"line":68,"column":6}},"26":{"start":{"line":71,"column":2},"end":{"line":81,"column":3}},"27":{"start":{"line":72,"column":4},"end":{"line":80,"column":6}},"28":{"start":{"line":74,"column":54},"end":{"line":74,"column":71}},"29":{"start":{"line":83,"column":2},"end":{"line":156,"column":4}},"30":{"start":{"line":89,"column":27},"end":{"line":89,"column":49}},"31":{"start":{"line":159,"column":15},"end":{"line":260,"column":2}}},"fnMap":{"0":{"name":"SignedInView","decl":{"start":{"line":24,"column":16},"end":{"line":24,"column":28}},"loc":{"start":{"line":24,"column":81},"end":{"line":157,"column":1}},"line":24},"1":{"name":"(anonymous_1)","decl":{"start":{"line":32,"column":31},"end":{"line":32,"column":32}},"loc":{"start":{"line":32,"column":37},"end":{"line":34,"column":3}},"line":32},"2":{"name":"(anonymous_2)","decl":{"start":{"line":36,"column":22},"end":{"line":36,"column":23}},"loc":{"start":{"line":36,"column":34},"end":{"line":58,"column":3}},"line":36},"3":{"name":"(anonymous_3)","decl":{"start":{"line":74,"column":47},"end":{"line":74,"column":48}},"loc":{"start":{"line":74,"column":54},"end":{"line":74,"column":71}},"line":74},"4":{"name":"(anonymous_4)","decl":{"start":{"line":89,"column":21},"end":{"line":89,"column":22}},"loc":{"start":{"line":89,"column":27},"end":{"line":89,"column":49}},"line":89}},"branchMap":{"0":{"loc":{"start":{"line":37,"column":4},"end":{"line":57,"column":5}},"type":"if","locations":[{"start":{"line":37,"column":4},"end":{"line":57,"column":5}},{"start":{},"end":{}}],"line":37},"1":{"loc":{"start":{"line":41,"column":8},"end":{"line":50,"column":9}},"type":"if","locations":[{"start":{"line":41,"column":8},"end":{"line":50,"column":9}},{"start":{},"end":{}}],"line":41},"2":{"loc":{"start":{"line":41,"column":12},"end":{"line":41,"column":33}},"type":"binary-expr","locations":[{"start":{"line":41,"column":12},"end":{"line":41,"column":17}},{"start":{"line":41,"column":21},"end":{"line":41,"column":33}}],"line":41},"3":{"loc":{"start":{"line":60,"column":2},"end":{"line":69,"column":3}},"type":"if","locations":[{"start":{"line":60,"column":2},"end":{"line":69,"column":3}},{"start":{},"end":{}}],"line":60},"4":{"loc":{"start":{"line":71,"column":2},"end":{"line":81,"column":3}},"type":"if","locations":[{"start":{"line":71,"column":2},"end":{"line":81,"column":3}},{"start":{},"end":{}}],"line":71},"5":{"loc":{"start":{"line":91,"column":13},"end":{"line":98,"column":13}},"type":"cond-expr","locations":[{"start":{"line":92,"column":14},"end":{"line":95,"column":16}},{"start":{"line":97,"column":14},"end":{"line":97,"column":70}}],"line":91},"6":{"loc":{"start":{"line":107,"column":7},"end":{"line":113,"column":7}},"type":"binary-expr","locations":[{"start":{"line":107,"column":7},"end":{"line":107,"column":12}},{"start":{"line":108,"column":8},"end":{"line":112,"column":15}}],"line":107},"7":{"loc":{"start":{"line":123,"column":13},"end":{"line":127,"column":13}},"type":"binary-expr","locations":[{"start":{"line":123,"column":13},"end":{"line":123,"column":33}},{"start":{"line":124,"column":14},"end":{"line":126,"column":21}}],"line":123}},"s":{"0":0,"1":0,"2":0,"3":0,"4":0,"5":0,"6":0,"7":0,"8":0,"9":0,"10":0,"11":0,"12":0,"13":0,"14":0,"15":0,"16":0,"17":0,"18":0,"19":0,"20":0,"21":0,"22":0,"23":0,"24":0,"25":0,"26":0,"27":0,"28":0,"29":0,"30":0,"31":0},"f":{"0":0,"1":0,"2":0,"3":0,"4":0},"b":{"0":[0,0],"1":[0,0],"2":[0,0],"3":[0,0],"4":[0,0],"5":[0,0],"6":[0,0],"7":[0,0]}}
,"/Users/zachholt/Documents/code_projects/nightout/nightout-frontend/app/(tabs)/components/SignedOutView.tsx": {"path":"/Users/zachholt/Documents/code_projects/nightout/nightout-frontend/app/(tabs)/components/SignedOutView.tsx","statementMap":{"0":{"start":{"line":38,"column":2},"end":{"line":129,"column":4}},"1":{"start":{"line":121,"column":25},"end":{"line":121,"column":45}},"2":{"start":{"line":132,"column":15},"end":{"line":194,"column":2}}},"fnMap":{"0":{"name":"SignedOutView","decl":{"start":{"line":25,"column":16},"end":{"line":25,"column":29}},"loc":{"start":{"line":37,"column":23},"end":{"line":130,"column":1}},"line":37},"1":{"name":"(anonymous_1)","decl":{"start":{"line":121,"column":19},"end":{"line":121,"column":20}},"loc":{"start":{"line":121,"column":25},"end":{"line":121,"column":45}},"line":121}},"branchMap":{"0":{"loc":{"start":{"line":43,"column":11},"end":{"line":43,"column":71}},"type":"cond-expr","locations":[{"start":{"line":43,"column":21},"end":{"line":43,"column":46}},{"start":{"line":43,"column":49},"end":{"line":43,"column":71}}],"line":43},"1":{"loc":{"start":{"line":47,"column":11},"end":{"line":66,"column":11}},"type":"binary-expr","locations":[{"start":{"line":47,"column":11},"end":{"line":47,"column":19}},{"start":{"line":48,"column":12},"end":{"line":65,"column":19}}],"line":47},"2":{"loc":{"start":{"line":113,"column":19},"end":{"line":113,"column":63}},"type":"cond-expr","locations":[{"start":{"line":113,"column":29},"end":{"line":113,"column":41}},{"start":{"line":113,"column":44},"end":{"line":113,"column":63}}],"line":113},"3":{"loc":{"start":{"line":116,"column":13},"end":{"line":116,"column":51}},"type":"cond-expr","locations":[{"start":{"line":116,"column":23},"end":{"line":116,"column":32}},{"start":{"line":116,"column":35},"end":{"line":116,"column":51}}],"line":116},"4":{"loc":{"start":{"line":124,"column":13},"end":{"line":124,"column":89}},"type":"cond-expr","locations":[{"start":{"line":124,"column":23},"end":{"line":124,"column":52}},{"start":{"line":124,"column":55},"end":{"line":124,"column":89}}],"line":124}},"s":{"0":0,"1":0,"2":0},"f":{"0":0,"1":0},"b":{"0":[0,0],"1":[0,0],"2":[0,0],"3":[0,0],"4":[0,0]}}
[...]
{"path":"/Users/zachholt/Documents/code_projects/nightout/nightout-frontend/components/ThemedText.tsx","statementMap":{"0":{"start":{"line":18,"column":16},"end":{"line":18,"column":77}},"1":{"start":{"line":20,"column":2},"end":{"line":33,"column":4}},"2":{"start":{"line":36,"column":15},"end":{"line":60,"column":2}}},"fnMap":{"0":{"name":"ThemedText","decl":{"start":{"line":11,"column":16},"end":{"line":11,"column":26}},"loc":{"start":{"line":17,"column":20},"end":{"line":34,"column":1}},"line":17}},"branchMap":{"0":{"loc":{"start":{"line":15,"column":2},"end":{"line":15,"column":18}},"type":"default-arg","locations":[{"start":{"line":15,"column":9},"end":{"line":15,"column":18}}],"line":15},"1":{"loc":{"start":{"line":24,"column":8},"end":{"line":24,"column":55}},"type":"cond-expr","locations":[{"start":{"line":24,"column":29},"end":{"line":24,"column":43}},{"start":{"line":24,"column":46},"end":{"line":24,"column":55}}],"line":24},"2":{"loc":{"start":{"line":25,"column":8},"end":{"line":25,"column":51}},"type":"cond-expr","locations":[{"start":{"line":25,"column":27},"end":{"line":25,"column":39}},{"start":{"line":25,"column":42},"end":{"line":25,"column":51}}],"line":25},"3":{"loc":{"start":{"line":26,"column":8},"end":{"line":26,"column":71}},"type":"cond-expr","locations":[{"start":{"line":26,"column":37},"end":{"line":26,"column":59}},{"start":{"line":26,"column":62},"end":{"line":26,"column":71}}],"line":26},"4":{"loc":{"start":{"line":27,"column":8},"end":{"line":27,"column":57}},"type":"cond-expr","locations":[{"start":{"line":27,"column":30},"end":{"line":27,"column":45}},{"start":{"line":27,"column":48},"end":{"line":27,"column":57}}],"line":27},"5":{"loc":{"start":{"line":28,"column":8},"end":{"line":28,"column":49}},"type":"cond-expr","locations":[{"start":{"line":28,"column":26},"end":{"line":28,"column":37}},{"start":{"line":28,"column":40},"end":{"line":28,"column":49}}],"line":28}},"s":{"0":0,"1":0,"2":0},"f":{"0":0},"b":{"0":[0],"1":[0,0],"2":[0,0],"3":[0,0],"4":[0,0],"5":[0,0]}}
,"/Users/zachholt/Documents/code_projects/nightout/nightout-frontend/components/ThemedView.tsx": {"path":"/Users/zachholt/Documents/code_projects/nightout/nightout-frontend/components/ThemedView.tsx","statementMap":{"0":{"start":{"line":11,"column":26},"end":{"line":11,"column":93}},"1":{"start":{"line":13,"column":2},"end":{"line":13,"column":71}}},"fnMap":{"0":{"name":"ThemedView","decl":{"start":{"line":10,"column":16},"end":{"line":10,"column":26}},"loc":{"start":{"line":10,"column":93},"end":{"line":14,"column":1}},"line":10}},"branchMap":{},"s":{"0":0,"1":0},"f":{"0":0},"b":{}}
,"/Users/zachholt/Documents/code_projects/nightout/nightout-frontend/components/ui/IconSymbol.ios.tsx": {"path":"/Users/zachholt/Documents/code_projects/nightout/nightout-frontend/components/ui/IconSymbol.ios.tsx","statementMap":{"0":{"start":{"line":17,"column":2},"end":{"line":31,"column":4}}},"fnMap":{"0":{"name":"IconSymbol","decl":{"start":{"line":4,"column":16},"end":{"line":4,"column":26}},"loc":{"start":{"line":16,"column":3},"end":{"line":32,"column":1}},"line":16}},"branchMap":{"0":{"loc":{"start":{"line":6,"column":2},"end":{"line":6,"column":11}},"type":"default-arg","locations":[{"start":{"line":6,"column":9},"end":{"line":6,"column":11}}],"line":6},"1":{"loc":{"start":{"line":9,"column":2},"end":{"line":9,"column":20}},"type":"default-arg","locations":[{"start":{"line":9,"column":11},"end":{"line":9,"column":20}}],"line":9}},"s":{"0":0},"f":{"0":0},"b":{"0":[0],"1":[0]}}
,"/Users/zachholt/Documents/code_projects/nightout/nightout-frontend/components/ui/IconSymbol.tsx": {"path":"/Users/zachholt/Documents/code_projects/nightout/nightout-frontend/components/ui/IconSymbol.tsx","statementMap":{"0":{"start":{"line":9,"column":16},"end":{"line":21,"column":1}},"1":{"start":{"line":42,"column":2},"end":{"line":42,"column":88}}},"fnMap":{"0":{"name":"IconSymbol","decl":{"start":{"line":30,"column":16},"end":{"line":30,"column":26}},"loc":{"start":{"line":41,"column":3},"end":{"line":43,"column":1}},"line":41}},"branchMap":{"0":{"loc":{"start":{"line":32,"column":2},"end":{"line":32,"column":11}},"type":"default-arg","locations":[{"start":{"line":32,"column":9},"end":{"line":32,"column":11}}],"line":32}},"s":{"0":0,"1":0},"f":{"0":0},"b":{"0":[0]}}
,"/Users/zachholt/Documents/code_projects/nightout/nightout-frontend/components/ui/TabBarBackground.ios.tsx": {"path":"/Users/zachholt/Documents/code_projects/nightout/nightout-frontend/components/ui/TabBarBackground.ios.tsx","statementMap":{"0":{"start":{"line":7,"column":2},"end":{"line":15,"column":4}},"1":{"start":{"line":19,"column":20},"end":{"line":19,"column":43}},"2":{"start":{"line":20,"column":21},"end":{"line":20,"column":40}},"3":{"start":{"line":21,"column":2},"end":{"line":21,"column":28}}},"fnMap":{"0":{"name":"BlurTabBarBackground","decl":{"start":{"line":6,"column":24},"end":{"line":6,"column":44}},"loc":{"start":{"line":6,"column":47},"end":{"line":16,"column":1}},"line":6},"1":{"name":"useBottomTabOverflow","decl":{"start":{"line":18,"column":16},"end":{"line":18,"column":36}},"loc":{"start":{"line":18,"column":39},"end":{"line":22,"column":1}},"line":18}},"branchMap":{},"s":{"0":0,"1":0,"2":0,"3":0},"f":{"0":0,"1":0},"b":{}}
,"/Users/zachholt/Documents/code_projects/nightout/nightout-frontend/components/ui/TabBarBackground.tsx": {"path":"/Users/zachholt/Documents/code_projects/nightout/nightout-frontend/components/ui/TabBarBackground.tsx","statementMap":{"0":{"start":{"line":5,"column":2},"end":{"line":5,"column":11}}},"fnMap":{"0":{"name":"useBottomTabOverflow","decl":{"start":{"line":4,"column":16},"end":{"line":4,"column":36}},"loc":{"start":{"line":4,"column":39},"end":{"line":6,"column":1}},"line":4}},"branchMap":{},"s":{"0":0},"f":{"0":0},"b":{}}
,"/Users/zachholt/Documents/code_projects/nightout/nightout-frontend/config/queryClient.ts": {"path":"/Users/zachholt/Documents/code_projects/nightout/nightout-frontend/config/queryClient.ts","statementMap":{"0":{"start":{"line":3,"column":27},"end":{"line":12,"column":2}}},"fnMap":{},"branchMap":{},"s":{"0":0},"f":{},"b":{}}
,"/Users/zachholt/Documents/code_projects/nightout/nightout-frontend/constants/Colors.ts": {"path":"/Users/zachholt/Documents/code_projects/nightout/nightout-frontend/constants/Colors.ts","statementMap":{"0":{"start":{"line":6,"column":23},"end":{"line":6,"column":32}},"1":{"start":{"line":7,"column":22},"end":{"line":7,"column":28}},"2":{"start":{"line":9,"column":22},"end":{"line":26,"column":1}}},"fnMap":{},"branchMap":{},"s":{"0":0,"1":0,"2":0},"f":{},"b":{}}
,"/Users/zachholt/Documents/code_projects/nightout/nightout-frontend/hooks/useColorScheme.ts": {"path":"/Users/zachholt/Documents/code_projects/nightout/nightout-frontend/hooks/useColorScheme.ts","statementMap":{},"fnMap":{},"branchMap":{},"s":{},"f":{},"b":{}}
,"/Users/zachholt/Documents/code_projects/nightout/nightout-frontend/hooks/useColorScheme.web.ts": {"path":"/Users/zachholt/Documents/code_projects/nightout/nightout-frontend/hooks/useColorScheme.web.ts","statementMap":{"0":{"start":{"line":8,"column":40},"end":{"line":8,"column":55}},"1":{"start":{"line":10,"column":2},"end":{"line":12,"column":9}},"2":{"start":{"line":11,"column":4},"end":{"line":11,"column":25}},"3":{"start":{"line":14,"column":22},"end":{"line":14,"column":40}},"4":{"start":{"line":16,"column":2},"end":{"line":18,"column":3}},"5":{"start":{"line":17,"column":4},"end":{"line":17,"column":23}},"6":{"start":{"line":20,"column":2},"end":{"line":20,"column":17}}},"fnMap":{"0":{"name":"useColorScheme","decl":{"start":{"line":7,"column":16},"end":{"line":7,"column":30}},"loc":{"start":{"line":7,"column":33},"end":{"line":21,"column":1}},"line":7},"1":{"name":"(anonymous_1)","decl":{"start":{"line":10,"column":12},"end":{"line":10,"column":13}},"loc":{"start":{"line":10,"column":18},"end":{"line":12,"column":3}},"line":10}},"branchMap":{"0":{"loc":{"start":{"line":16,"column":2},"end":{"line":18,"column":3}},"type":"if","locations":[{"start":{"line":16,"column":2},"end":{"line":18,"column":3}},{"start":{},"end":{}}],"line":16}},"s":{"0":0,"1":0,"2":0,"3":0,"4":0,"5":0,"6":0},"f":{"0":0,"1":0},"b":{"0":[0,0]}}
,"/Users/zachholt/Documents/code_projects/nightout/nightout-frontend/hooks/useThemeColor.ts": {"path":"/Users/zachholt/Documents/code_projects/nightout/nightout-frontend/hooks/useThemeColor.ts","statementMap":{"0":{"start":{"line":13,"column":16},"end":{"line":13,"column":43}},"1":{"start":{"line":14,"column":25},"end":{"line":14,"column":37}},"2":{"start":{"line":16,"column":2},"end":{"line":20,"column":3}},"3":{"start":{"line":17,"column":4},"end":{"line":17,"column":26}},"4":{"start":{"line":19,"column":4},"end":{"line":19,"column":36}}},"fnMap":{"0":{"name":"useThemeColor","decl":{"start":{"line":9,"column":16},"end":{"line":9,"column":29}},"loc":{"start":{"line":12,"column":2},"end":{"line":21,"column":1}},"line":12}},"branchMap":{"0":{"loc":{"start":{"line":13,"column":16},"end":{"line":13,"column":43}},"type":"binary-expr","locations":[{"start":{"line":13,"column":16},"end":{"line":13,"column":32}},{"start":{"line":13,"column":36},"end":{"line":13,"column":43}}],"line":13},"1":{"loc":{"start":{"line":16,"column":2},"end":{"line":20,"column":3}},"type":"if","locations":[{"start":{"line":16,"column":2},"end":{"line":20,"column":3}},{"start":{"line":18,"column":9},"end":{"line":20,"column":3}}],"line":16}},"s":{"0":0,"1":0,"2":0,"3":0,"4":0},"f":{"0":0},"b":{"0":[0,0],"1":[0,0]}}
,"/Users/zachholt/Documents/code_projects/nightout/nightout-frontend/scripts/reset-project.js": {"path":"/Users/zachholt/Documents/code_projects/nightout/nightout-frontend/scripts/reset-project.js","statementMap":{"0":{"start":{"line":9,"column":11},"end":{"line":9,"column":24}},"1":{"start":{"line":10,"column":13},"end":{"line":10,"column":28}},"2":{"start":{"line":11,"column":17},"end":{"line":11,"column":36}},"3":{"start":{"line":13,"column":13},"end":{"line":13,"column":26}},"4":{"start":{"line":14,"column":16},"end":{"line":14,"column":70}},"5":{"start":{"line":15,"column":19},"end":{"line":15,"column":32}},"6":{"start":{"line":16,"column":18},"end":{"line":16,"column":23}},"7":{"start":{"line":17,"column":23},"end":{"line":17,"column":50}},"8":{"start":{"line":19,"column":21},"end":{"line":34,"column":1}},"9":{"start":{"line":36,"column":22},"end":{"line":41,"column":1}},"10":{"start":{"line":43,"column":11},"end":{"line":46,"column":2}},"11":{"start":{"line":48,"column":24},"end":{"line":99,"column":1}},"12":{"start":{"line":49,"column":2},"end":{"line":98,"column":3}},"13":{"start":{"line":50,"column":4},"end":{"line":54,"column":5}},"14":{"start":{"line":52,"column":6},"end":{"line":52,"column":67}},"15":{"start":{"line":53,"column":6},"end":{"line":53,"column":58}},"16":{"start":{"line":57,"column":4},"end":{"line":71,"column":5}},"17":{"start":{"line":58,"column":25},"end":{"line":58,"column":45}},"18":{"start":{"line":59,"column":6},"end":{"line":70,"column":7}},"19":{"start":{"line":60,"column":8},"end":{"line":67,"column":9}},"20":{"start":{"line":61,"column":29},"end":{"line":61,"column":61}},"21":{"start":{"line":62,"column":10},"end":{"line":62,"column":59}},"22":{"start":{"line":63,"column":10},"end":{"line":63,"column":68}},"23":{"start":{"line":65,"column":10},"end":{"line":65,"column":77}},"24":{"start":{"line":66,"column":10},"end":{"line":66,"column":44}},"25":{"start":{"line":69,"column":8},"end":{"line":69,"column":60}},"26":{"start":{"line":74,"column":26},"end":{"line":74,"column":52}},"27":{"start":{"line":75,"column":4},"end":{"line":75,"column":64}},"28":{"start":{"line":76,"column":4},"end":{"line":76,"column":52}},"29":{"start":{"line":79,"column":22},"end":{"line":79,"column":59}},"30":{"start":{"line":80,"column":4},"end":{"line":80,"column":57}},"31":{"start":{"line":81,"column":4},"end":{"line":81,"column":45}},"32":{"start":{"line":84,"column":23},"end":{"line":84,"column":62}},"33":{"start":{"line":85,"column":4},"end":{"line":85,"column":59}},"34":{"start":{"line":86,"column":4},"end":{"line":86,"column":47}},"35":{"start":{"line":88,"column":4},"end":{"line":88,"column":59}},"36":{"start":{"line":89,"column":4},"end":{"line":95,"column":6}},"37":{"start":{"line":97,"column":4},"end":{"line":97,"column":71}},"38":{"start":{"line":101,"column":0},"end":{"line":112,"column":2}},"39":{"start":{"line":104,"column":22},"end":{"line":104,"column":56}},"40":{"start":{"line":105,"column":4},"end":{"line":110,"column":5}},"41":{"start":{"line":106,"column":6},"end":{"line":106,"column":59}},"42":{"start":{"line":106,"column":47},"end":{"line":106,"column":57}},"43":{"start":{"line":108,"column":6},"end":{"line":108,"column":63}},"44":{"start":{"line":109,"column":6},"end":{"line":109,"column":17}}},"fnMap":{"0":{"name":"(anonymous_0)","decl":{"start":{"line":48,"column":24},"end":{"line":48,"column":25}},"loc":{"start":{"line":48,"column":45},"end":{"line":99,"column":1}},"line":48},"1":{"name":"(anonymous_1)","decl":{"start":{"line":103,"column":2},"end":{"line":103,"column":3}},"loc":{"start":{"line":103,"column":14},"end":{"line":111,"column":3}},"line":103},"2":{"name":"(anonymous_2)","decl":{"start":{"line":106,"column":41},"end":{"line":106,"column":42}},"loc":{"start":{"line":106,"column":47},"end":{"line":106,"column":57}},"line":106}},"branchMap":{"0":{"loc":{"start":{"line":50,"column":4},"end":{"line":54,"column":5}},"type":"if","locations":[{"start":{"line":50,"column":4},"end":{"line":54,"column":5}},{"start":{},"end":{}}],"line":50},"1":{"loc":{"start":{"line":59,"column":6},"end":{"line":70,"column":7}},"type":"if","locations":[{"start":{"line":59,"column":6},"end":{"line":70,"column":7}},{"start":{"line":68,"column":13},"end":{"line":70,"column":7}}],"line":59},"2":{"loc":{"start":{"line":60,"column":8},"end":{"line":67,"column":9}},"type":"if","locations":[{"start":{"line":60,"column":8},"end":{"line":67,"column":9}},{"start":{"line":64,"column":15},"end":{"line":67,"column":9}}],"line":60},"3":{"loc":{"start":{"line":91,"column":8},"end":{"line":93,"column":14}},"type":"cond-expr","locations":[{"start":{"line":92,"column":12},"end":{"line":92,"column":87}},{"start":{"line":93,"column":12},"end":{"line":93,"column":14}}],"line":91},"4":{"loc":{"start":{"line":104,"column":22},"end":{"line":104,"column":56}},"type":"binary-expr","locations":[{"start":{"line":104,"column":22},"end":{"line":104,"column":49}},{"start":{"line":104,"column":53},"end":{"line":104,"column":56}}],"line":104},"5":{"loc":{"start":{"line":105,"column":4},"end":{"line":110,"column":5}},"type":"if","locations":[{"start":{"line":105,"column":4},"end":{"line":110,"column":5}},{"start":{"line":107,"column":11},"end":{"line":110,"column":5}}],"line":105},"6":{"loc":{"start":{"line":105,"column":8},"end":{"line":105,"column":46}},"type":"binary-expr","locations":[{"start":{"line":105,"column":8},"end":{"line":105,"column":25}},{"start":{"line":105,"column":29},"end":{"line":105,"column":46}}],"line":105}},"s":{"0":0,"1":0,"2":0,"3":0,"4":0,"5":0,"6":0,"7":0,"8":0,"9":0,"10":0,"11":0,"12":0,"13":0,"14":0,"15":0,"16":0,"17":0,"18":0,"19":0,"20":0,"21":0,"22":0,"23":0,"24":0,"25":0,"26":0,"27":0,"28":0,"29":0,"30":0,"31":0,"32":0,"33":0,"34":0,"35":0,"36":0,"37":0,"38":0,"39":0,"40":0,"41":0,"42":0,"43":0,"44":0},"f":{"0":0,"1":0,"2":0},"b":{"0":[0,0],"1":[0,0],"2":[0,0],"3":[0,0],"4":[0,0],"5":[0,0],"6":[0,0]}}
,"/Users/zachholt/Documents/code_projects/nightout/nightout-frontend/services/auth.ts": {"path":"/Users/zachholt/Documents/code_projects/nightout/nightout-frontend/services/auth.ts","statementMap":{"0":{"start":{"line":4,"column":16},"end":{"line":4,"column":48}},"1":{"start":{"line":7,"column":0},"end":{"line":18,"column":2}},"2":{"start":{"line":9,"column":18},"end":{"line":9,"column":38}},"3":{"start":{"line":10,"column":4},"end":{"line":12,"column":5}},"4":{"start":{"line":11,"column":6},"end":{"line":11,"column":55}},"5":{"start":{"line":13,"column":4},"end":{"line":13,"column":18}},"6":{"start":{"line":16,"column":4},"end":{"line":16,"column":33}},"7":{"start":{"line":38,"column":23},"end":{"line":52,"column":1}},"8":{"start":{"line":40,"column":21},"end":{"line":40,"column":75}},"9":{"start":{"line":41,"column":4},"end":{"line":41,"column":25}},"10":{"start":{"line":45,"column":21},"end":{"line":45,"column":78}},"11":{"start":{"line":46,"column":4},"end":{"line":46,"column":25}},"12":{"start":{"line":50,"column":4},"end":{"line":50,"column":47}}},"fnMap":{"0":{"name":"(anonymous_0)","decl":{"start":{"line":8,"column":2},"end":{"line":8,"column":3}},"loc":{"start":{"line":8,"column":20},"end":{"line":14,"column":3}},"line":8},"1":{"name":"(anonymous_1)","decl":{"start":{"line":15,"column":2},"end":{"line":15,"column":3}},"loc":{"start":{"line":15,"column":13},"end":{"line":17,"column":3}},"line":15},"2":{"name":"(anonymous_2)","decl":{"start":{"line":39,"column":9},"end":{"line":39,"column":10}},"loc":{"start":{"line":39,"column":73},"end":{"line":42,"column":3}},"line":39},"3":{"name":"(anonymous_3)","decl":{"start":{"line":44,"column":12},"end":{"line":44,"column":13}},"loc":{"start":{"line":44,"column":79},"end":{"line":47,"column":3}},"line":44},"4":{"name":"(anonymous_4)","decl":{"start":{"line":49,"column":10},"end":{"line":49,"column":11}},"loc":{"start":{"line":49,"column":37},"end":{"line":51,"column":3}},"line":49}},"branchMap":{"0":{"loc":{"start":{"line":10,"column":4},"end":{"line":12,"column":5}},"type":"if","locations":[{"start":{"line":10,"column":4},"end":{"line":12,"column":5}},{"start":{},"end":{}}],"line":10}},"s":{"0":0,"1":0,"2":0,"3":0,"4":0,"5":0,"6":0,"7":0,"8":0,"9":0,"10":0,"11":0,"12":0},"f":{"0":0,"1":0,"2":0,"3":0,"4":0},"b":{"0":[0,0]}}
,"/Users/zachholt/Documents/code_projects/nightout/nightout-frontend/services/user.ts": {"path":"/Users/zachholt/Documents/code_projects/nightout/nightout-frontend/services/user.ts","statementMap":{"0":{"start":{"line":3,"column":16},"end":{"line":3,"column":48}},"1":{"start":{"line":20,"column":23},"end":{"line":65,"column":1}},"2":{"start":{"line":23,"column":21},"end":{"line":23,"column":74}},"3":{"start":{"line":24,"column":4},"end":{"line":24,"column":25}},"4":{"start":{"line":29,"column":21},"end":{"line":29,"column":62}},"5":{"start":{"line":30,"column":4},"end":{"line":30,"column":25}},"6":{"start":{"line":35,"column":21},"end":{"line":39,"column":5}},"7":{"start":{"line":40,"column":4},"end":{"line":40,"column":25}},"8":{"start":{"line":45,"column":21},"end":{"line":49,"column":5}},"9":{"start":{"line":50,"column":4},"end":{"line":50,"column":25}},"10":{"start":{"line":59,"column":21},"end":{"line":62,"column":5}},"11":{"start":{"line":63,"column":4},"end":{"line":63,"column":25}}},"fnMap":{"0":{"name":"(anonymous_0)","decl":{"start":{"line":22,"column":18},"end":{"line":22,"column":19}},"loc":{"start":{"line":22,"column":66},"end":{"line":25,"column":3}},"line":22},"1":{"name":"(anonymous_1)","decl":{"start":{"line":28,"column":15},"end":{"line":28,"column":16}},"loc":{"start":{"line":28,"column":60},"end":{"line":31,"column":3}},"line":28},"2":{"name":"(anonymous_2)","decl":{"start":{"line":34,"column":11},"end":{"line":34,"column":12}},"loc":{"start":{"line":34,"column":96},"end":{"line":41,"column":3}},"line":34},"3":{"name":"(anonymous_3)","decl":{"start":{"line":44,"column":12},"end":{"line":44,"column":13}},"loc":{"start":{"line":44,"column":60},"end":{"line":51,"column":3}},"line":44},"4":{"name":"(anonymous_4)","decl":{"start":{"line":54,"column":25},"end":{"line":54,"column":26}},"loc":{"start":{"line":58,"column":32},"end":{"line":64,"column":3}},"line":58}},"branchMap":{"0":{"loc":{"start":{"line":57,"column":4},"end":{"line":57,"column":32}},"type":"default-arg","locations":[{"start":{"line":57,"column":29},"end":{"line":57,"column":32}}],"line":57}},"s":{"0":0,"1":0,"2":0,"3":0,"4":0,"5":0,"6":0,"7":0,"8":0,"9":0,"10":0,"11":0},"f":{"0":0,"1":0,"2":0,"3":0,"4":0},"b":{"0":[0]}}
}
